<?xml version="1.0" encoding="UTF-8"?>
<!-- Generated by org.testng.reporters.JUnitXMLReporter -->
<testsuite ignored="0" hostname="DESKTOP-VQLLA2K" failures="1" tests="56" name="Test" time="855.858" errors="0" timestamp="2023-09-15T09:39:06 IST">
  <testcase classname="webAuto.OpdEndToEndWorkFlow1" name="numberField" time="0.851"/>
  <testcase classname="webAuto.OpdEndToEndWorkFlow1" name="sendOTP" time="21.473"/>
  <testcase classname="webAuto.OpdEndToEndWorkFlow1" name="verifyButton" time="10.91"/>
  <testcase classname="webAuto.OpdEndToEndWorkFlow1" name="createPatient" time="9.803"/>
  <testcase classname="webAuto.OpdEndToEndWorkFlow1" name="Number1" time="1.859"/>
  <testcase classname="webAuto.OpdEndToEndWorkFlow1" name="confirm" time="5.3"/>
  <testcase classname="webAuto.OpdEndToEndWorkFlow1" name="number2" time="2.213"/>
  <testcase classname="webAuto.OpdEndToEndWorkFlow1" name="firstName" time="2.06"/>
  <testcase classname="webAuto.OpdEndToEndWorkFlow1" name="middleName" time="0.69"/>
  <testcase classname="webAuto.OpdEndToEndWorkFlow1" name="lastName" time="1.618"/>
  <testcase classname="webAuto.OpdEndToEndWorkFlow1" name="birthDate" time="1.997"/>
  <testcase classname="webAuto.OpdEndToEndWorkFlow1" name="genFemale" time="0.447"/>
  <testcase classname="webAuto.OpdEndToEndWorkFlow1" name="address" time="0.742"/>
  <testcase classname="webAuto.OpdEndToEndWorkFlow1" name="locality" time="0.693"/>
  <testcase classname="webAuto.OpdEndToEndWorkFlow1" name="city" time="0.561"/>
  <testcase classname="webAuto.OpdEndToEndWorkFlow1" name="pinCode" time="0.759"/>
  <testcase classname="webAuto.OpdEndToEndWorkFlow1" name="proceedWithSameRMN" time="0.952"/>
  <testcase classname="webAuto.OpdEndToEndWorkFlow1" name="nextButton" time="15.32"/>
  <testcase classname="webAuto.OpdEndToEndWorkFlow1" name="clickClose" time="1.882"/>
  <testcase classname="webAuto.OpdEndToEndWorkFlow1" name="fillVitalForm" time="20.436"/>
  <testcase classname="webAuto.OpdEndToEndWorkFlow1" name="fillHealthProfile" time="17.466"/>
  <testcase classname="webAuto.OpdEndToEndWorkFlow1" name="fillFamilyProfile" time="20.47"/>
  <testcase classname="webAuto.OpdEndToEndWorkFlow1" name="GoHome" time="1.406"/>
  <testcase classname="webAuto.OpdEndToEndWorkFlow1" name="AddNewAppointment" time="27.301"/>
  <testcase classname="webAuto.OpdEndToEndWorkFlow1" name="AddPrescription" time="16.662"/>
  <testcase classname="webAuto.OpdEndToEndWorkFlow1" name="Complaints" time="7.787"/>
  <testcase classname="webAuto.OpdEndToEndWorkFlow1" name="VitalsOption" time="7.551"/>
  <testcase classname="webAuto.OpdEndToEndWorkFlow1" name="BpandHeartOption" time="36.928"/>
  <testcase classname="webAuto.OpdEndToEndWorkFlow1" name="BloodAndAnalysis" time="20.709"/>
  <testcase classname="webAuto.OpdEndToEndWorkFlow1" name="LipidProfile" time="18.489"/>
  <testcase classname="webAuto.OpdEndToEndWorkFlow1" name="OnExamination" time="16.693"/>
  <testcase classname="webAuto.OpdEndToEndWorkFlow1" name="Diagnosis" time="15.689"/>
  <testcase classname="webAuto.OpdEndToEndWorkFlow1" name="Medicine1" time="49.246"/>
  <testcase classname="webAuto.OpdEndToEndWorkFlow1" name="DietaryAdvice" time="15.648">
    <failure type="org.openqa.selenium.StaleElementReferenceException" message="stale element reference: stale element not found
  (Session info: chrome=116.0.5845.182)
For documentation on this error, please visit: https://selenium.dev/exceptions/#stale_element_reference
Build info: version: &amp;apos;4.9.1&amp;apos;, revision: &amp;apos;eb2032df7f&amp;apos;
System info: os.name: &amp;apos;Windows 10&amp;apos;, os.arch: &amp;apos;amd64&amp;apos;, os.version: &amp;apos;10.0&amp;apos;, java.version: &amp;apos;17.0.5&amp;apos;
Driver info: org.openqa.selenium.chrome.ChromeDriver
Command: [c24d6825909e8c13c0de0e88af992ee0, executeScript {script=arguments[0].click();, args=[{element-6066-11e4-a52e-4f735466cecf=537BFF490A63F995ED56CF862C57EEF9_element_715}]}]
Capabilities {acceptInsecureCerts: false, browserName: chrome, browserVersion: 116.0.5845.182, chrome: {chromedriverVersion: 116.0.5845.96 (1a3918166880..., userDataDir: C:\Users\Lenovo\AppData\Loc...}, fedcm:accounts: true, goog:chromeOptions: {debuggerAddress: localhost:58300}, networkConnectionEnabled: false, pageLoadStrategy: normal, platformName: windows, proxy: Proxy(), se:cdp: ws://localhost:58300/devtoo..., se:cdpVersion: 116.0.5845.182, setWindowRect: true, strictFileInteractability: false, timeouts: {implicit: 0, pageLoad: 300000, script: 30000}, unhandledPromptBehavior: dismiss and notify, webauthn:extension:credBlob: true, webauthn:extension:largeBlob: true, webauthn:extension:minPinLength: true, webauthn:extension:prf: true, webauthn:virtualAuthenticators: true}
Session ID: c24d6825909e8c13c0de0e88af992ee0">
      <![CDATA[org.openqa.selenium.StaleElementReferenceException: stale element reference: stale element not found
  (Session info: chrome=116.0.5845.182)
For documentation on this error, please visit: https://selenium.dev/exceptions/#stale_element_reference
Build info: version: '4.9.1', revision: 'eb2032df7f'
System info: os.name: 'Windows 10', os.arch: 'amd64', os.version: '10.0', java.version: '17.0.5'
Driver info: org.openqa.selenium.chrome.ChromeDriver
Command: [c24d6825909e8c13c0de0e88af992ee0, executeScript {script=arguments[0].click();, args=[{element-6066-11e4-a52e-4f735466cecf=537BFF490A63F995ED56CF862C57EEF9_element_715}]}]
Capabilities {acceptInsecureCerts: false, browserName: chrome, browserVersion: 116.0.5845.182, chrome: {chromedriverVersion: 116.0.5845.96 (1a3918166880..., userDataDir: C:\Users\Lenovo\AppData\Loc...}, fedcm:accounts: true, goog:chromeOptions: {debuggerAddress: localhost:58300}, networkConnectionEnabled: false, pageLoadStrategy: normal, platformName: windows, proxy: Proxy(), se:cdp: ws://localhost:58300/devtoo..., se:cdpVersion: 116.0.5845.182, setWindowRect: true, strictFileInteractability: false, timeouts: {implicit: 0, pageLoad: 300000, script: 30000}, unhandledPromptBehavior: dismiss and notify, webauthn:extension:credBlob: true, webauthn:extension:largeBlob: true, webauthn:extension:minPinLength: true, webauthn:extension:prf: true, webauthn:virtualAuthenticators: true}
Session ID: c24d6825909e8c13c0de0e88af992ee0
at org.openqa.selenium.remote.codec.w3c.W3CHttpResponseCodec.createException(W3CHttpResponseCodec.java:200)
at org.openqa.selenium.remote.codec.w3c.W3CHttpResponseCodec.decode(W3CHttpResponseCodec.java:133)
at org.openqa.selenium.remote.codec.w3c.W3CHttpResponseCodec.decode(W3CHttpResponseCodec.java:53)
at org.openqa.selenium.remote.HttpCommandExecutor.execute(HttpCommandExecutor.java:193)
at org.openqa.selenium.remote.service.DriverCommandExecutor.invokeExecute(DriverCommandExecutor.java:183)
at org.openqa.selenium.remote.service.DriverCommandExecutor.execute(DriverCommandExecutor.java:158)
at org.openqa.selenium.remote.RemoteWebDriver.execute(RemoteWebDriver.java:543)
at org.openqa.selenium.remote.RemoteWebDriver.executeScript(RemoteWebDriver.java:480)
at webAuto.OpdEndToEndWorkFlow1.clickUsingJavaScript(OpdEndToEndWorkFlow1.java:246)
at webAuto.OpdEndToEndWorkFlow1.DietaryAdvice(OpdEndToEndWorkFlow1.java:1107)
at java.base/java.util.ArrayList.forEach(ArrayList.java:1511)
... Removed 32 stack frames]]>
    </failure>
  </testcase> <!-- DietaryAdvice -->
  <testcase classname="webAuto.OpdEndToEndWorkFlow1" name="GeneralInstruction" time="16.795"/>
  <testcase classname="webAuto.OpdEndToEndWorkFlow1" name="SaveandProceed" time="1.16"/>
  <testcase classname="webAuto.OpdEndToEndWorkFlow1" name="ConfirmPrescription" time="66.436"/>
  <testcase classname="webAuto.OPDEndToEndWorkFlow2" name="numberField" time="1.095"/>
  <testcase classname="webAuto.OPDEndToEndWorkFlow2" name="sendOTP" time="16.501"/>
  <testcase classname="webAuto.OPDEndToEndWorkFlow2" name="verifyButton" time="10.331"/>
  <testcase classname="webAuto.OPDEndToEndWorkFlow2" name="searchBar1" time="5.236"/>
  <testcase classname="webAuto.OPDEndToEndWorkFlow2" name="searchOpt" time="3.388"/>
  <testcase classname="webAuto.OPDEndToEndWorkFlow2" name="searchBar2" time="15.704"/>
  <testcase classname="webAuto.OPDEndToEndWorkFlow2" name="Investigation" time="29.607"/>
  <testcase classname="webAuto.OPDEndToEndWorkFlow2" name="Investigation1" time="40.544"/>
  <testcase classname="webAuto.OPDEndToEndWorkFlow2" name="HealthProfile" time="25.532"/>
  <testcase classname="webAuto.OPDEndToEndWorkFlow2" name="Document1" time="0.288"/>
  <testcase classname="webAuto.OPDEndToEndWorkFlow2" name="ReceiptOption" time="19.789"/>
  <testcase classname="webAuto.OPDEndToEndWorkFlow2" name="previewReceipt" time="32.94"/>
  <testcase classname="webAuto.OPDEndToEndWorkFlow2" name="cirtificateOption1" time="20.594"/>
  <testcase classname="webAuto.OPDEndToEndWorkFlow2" name="AllDocuments" time="16.93"/>
  <testcase classname="webAuto.OPDEndToEndWorkFlow2" name="Document2" time="0.291"/>
  <testcase classname="webAuto.OPDEndToEndWorkFlow2" name="cirtificateOption" time="34.822"/>
  <testcase classname="webAuto.OPDEndToEndWorkFlow2" name="cirtificateOption3" time="24.393"/>
  <testcase classname="webAuto.OPDEndToEndWorkFlow2" name="AllDocuments1" time="17.139"/>
  <testcase classname="webAuto.OPDEndToEndWorkFlow2" name="ReferralOption3" time="47.953"/>
</testsuite> <!-- Test -->
