<?xml version="1.0" encoding="UTF-8"?>
<!-- Generated by org.testng.reporters.JUnitReportReporter -->
<testsuite hostname="DESKTOP-VQLLA2K" failures="0" tests="31" name="pivotalApplication.GovImmunization" time="127.709" errors="1" timestamp="2023-08-31T10:45:16 IST" skipped="0">
  <testcase classname="pivotalApplication.GovImmunization" name="NumberField" time="0.864"/>
  <testcase classname="pivotalApplication.GovImmunization" name="IAgree" time="2.162"/>
  <testcase classname="pivotalApplication.GovImmunization" name="proceedButton" time="2.444"/>
  <testcase classname="pivotalApplication.GovImmunization" name="OTP" time="12.413"/>
  <testcase classname="pivotalApplication.GovImmunization" name="submit" time="5.313"/>
  <testcase classname="pivotalApplication.GovImmunization" name="Search" time="8.194"/>
  <testcase classname="pivotalApplication.GovImmunization" name="close" time="4.471"/>
  <testcase classname="pivotalApplication.GovImmunization" name="ClickPatient" time="2.403"/>
  <testcase classname="pivotalApplication.GovImmunization" name="ImmunizationGovClick" time="3.542"/>
  <testcase classname="pivotalApplication.GovImmunization" name="BulkCancel" time="5.913">
    <error message="An element could not be located on the page using the given search parameters.
For documentation on this error, please visit: https://selenium.dev/exceptions/#no_such_element
Build info: version: &#039;4.9.1&#039;, revision: &#039;eb2032df7f&#039;
System info: os.name: &#039;Windows 10&#039;, os.arch: &#039;amd64&#039;, os.version: &#039;10.0&#039;, java.version: &#039;17.0.5&#039;
Driver info: io.appium.java_client.AppiumDriver
Command: [7e32d154-a43a-41b3-91d8-ce7b6db42a6f, findElement {using=xpath, value=//*[@text=&#039;Cancel&#039;]}]
Capabilities {appium:app: D:\pivotalapp-20-june.apk, appium:appActivity: com.calculator_apps.MainAct..., appium:appPackage: com.calculator_apps, appium:automationName: UiAutomator2, appium:databaseEnabled: false, appium:desired: {app: D:\pivotalapp-20-june.apk, appActivity: com.calculator_apps.MainAct..., appPackage: com.calculator_apps, automationName: UiAutomator2, deviceName: samsung, platformName: ANDROID, platformVersion: 10}, appium:deviceApiLevel: 29, appium:deviceManufacturer: samsung, appium:deviceModel: SM-A305F, appium:deviceName: RZ8M5181Y3M, appium:deviceScreenDensity: 420, appium:deviceScreenSize: 1080x2340, appium:deviceUDID: RZ8M5181Y3M, appium:javascriptEnabled: true, appium:locationContextEnabled: false, appium:networkConnectionEnabled: true, appium:pixelRatio: 2.625, appium:platformVersion: 10, appium:statBarHeight: 83, appium:takesScreenshot: true, appium:viewportRect: {height: 2048, left: 0, top: 83, width: 1080}, appium:warnings: {}, appium:webStorageEnabled: false, platformName: ANDROID}
Session ID: 7e32d154-a43a-41b3-91d8-ce7b6db42a6f" type="org.openqa.selenium.NoSuchElementException">
      <![CDATA[org.openqa.selenium.NoSuchElementException: An element could not be located on the page using the given search parameters.
For documentation on this error, please visit: https://selenium.dev/exceptions/#no_such_element
Build info: version: '4.9.1', revision: 'eb2032df7f'
System info: os.name: 'Windows 10', os.arch: 'amd64', os.version: '10.0', java.version: '17.0.5'
Driver info: io.appium.java_client.AppiumDriver
Command: [7e32d154-a43a-41b3-91d8-ce7b6db42a6f, findElement {using=xpath, value=//*[@text='Cancel']}]
Capabilities {appium:app: D:\pivotalapp-20-june.apk, appium:appActivity: com.calculator_apps.MainAct..., appium:appPackage: com.calculator_apps, appium:automationName: UiAutomator2, appium:databaseEnabled: false, appium:desired: {app: D:\pivotalapp-20-june.apk, appActivity: com.calculator_apps.MainAct..., appPackage: com.calculator_apps, automationName: UiAutomator2, deviceName: samsung, platformName: ANDROID, platformVersion: 10}, appium:deviceApiLevel: 29, appium:deviceManufacturer: samsung, appium:deviceModel: SM-A305F, appium:deviceName: RZ8M5181Y3M, appium:deviceScreenDensity: 420, appium:deviceScreenSize: 1080x2340, appium:deviceUDID: RZ8M5181Y3M, appium:javascriptEnabled: true, appium:locationContextEnabled: false, appium:networkConnectionEnabled: true, appium:pixelRatio: 2.625, appium:platformVersion: 10, appium:statBarHeight: 83, appium:takesScreenshot: true, appium:viewportRect: {height: 2048, left: 0, top: 83, width: 1080}, appium:warnings: {}, appium:webStorageEnabled: false, platformName: ANDROID}
Session ID: 7e32d154-a43a-41b3-91d8-ce7b6db42a6f
at java.base/jdk.internal.reflect.NativeConstructorAccessorImpl.newInstance0(Native Method)
at java.base/jdk.internal.reflect.NativeConstructorAccessorImpl.newInstance(NativeConstructorAccessorImpl.java:77)
at java.base/jdk.internal.reflect.DelegatingConstructorAccessorImpl.newInstance(DelegatingConstructorAccessorImpl.java:45)
at java.base/java.lang.reflect.Constructor.newInstanceWithCaller(Constructor.java:499)
at java.base/java.lang.reflect.Constructor.newInstance(Constructor.java:480)
at org.openqa.selenium.remote.codec.w3c.W3CHttpResponseCodec.createException(W3CHttpResponseCodec.java:200)
at org.openqa.selenium.remote.codec.w3c.W3CHttpResponseCodec.decode(W3CHttpResponseCodec.java:133)
at org.openqa.selenium.remote.codec.w3c.W3CHttpResponseCodec.decode(W3CHttpResponseCodec.java:53)
at org.openqa.selenium.remote.HttpCommandExecutor.execute(HttpCommandExecutor.java:193)
at io.appium.java_client.remote.AppiumCommandExecutor.execute(AppiumCommandExecutor.java:262)
at org.openqa.selenium.remote.RemoteWebDriver.execute(RemoteWebDriver.java:543)
at org.openqa.selenium.remote.ElementLocation$ElementFinder$2.findElement(ElementLocation.java:162)
at org.openqa.selenium.remote.ElementLocation.findElement(ElementLocation.java:60)
at org.openqa.selenium.remote.RemoteWebDriver.findElement(RemoteWebDriver.java:352)
at org.openqa.selenium.remote.RemoteWebDriver.findElement(RemoteWebDriver.java:344)
at pivotalApplication.GovImmunization.BulkCancel(GovImmunization.java:138)
at java.base/jdk.internal.reflect.NativeMethodAccessorImpl.invoke0(Native Method)
at java.base/jdk.internal.reflect.NativeMethodAccessorImpl.invoke(NativeMethodAccessorImpl.java:77)
at java.base/jdk.internal.reflect.DelegatingMethodAccessorImpl.invoke(DelegatingMethodAccessorImpl.java:43)
at java.base/java.lang.reflect.Method.invoke(Method.java:568)
at org.testng.internal.invokers.MethodInvocationHelper.invokeMethod(MethodInvocationHelper.java:139)
at org.testng.internal.invokers.TestInvoker.invokeMethod(TestInvoker.java:664)
at org.testng.internal.invokers.TestInvoker.invokeTestMethod(TestInvoker.java:227)
at org.testng.internal.invokers.MethodRunner.runInSequence(MethodRunner.java:50)
at org.testng.internal.invokers.TestInvoker$MethodInvocationAgent.invoke(TestInvoker.java:957)
at org.testng.internal.invokers.TestInvoker.invokeTestMethods(TestInvoker.java:200)
at org.testng.internal.invokers.TestMethodWorker.invokeTestMethods(TestMethodWorker.java:148)
at org.testng.internal.invokers.TestMethodWorker.run(TestMethodWorker.java:128)
at java.base/java.util.ArrayList.forEach(ArrayList.java:1511)
at org.testng.TestRunner.privateRun(TestRunner.java:848)
at org.testng.TestRunner.run(TestRunner.java:621)
at org.testng.SuiteRunner.runTest(SuiteRunner.java:443)
at org.testng.SuiteRunner.runSequentially(SuiteRunner.java:437)
at org.testng.SuiteRunner.privateRun(SuiteRunner.java:397)
at org.testng.SuiteRunner.run(SuiteRunner.java:336)
at org.testng.SuiteRunnerWorker.runSuite(SuiteRunnerWorker.java:52)
at org.testng.SuiteRunnerWorker.run(SuiteRunnerWorker.java:95)
at org.testng.TestNG.runSuitesSequentially(TestNG.java:1280)
at org.testng.TestNG.runSuitesLocally(TestNG.java:1200)
at org.testng.TestNG.runSuites(TestNG.java:1114)
at org.testng.TestNG.run(TestNG.java:1082)
at org.testng.remote.AbstractRemoteTestNG.run(AbstractRemoteTestNG.java:115)
at org.testng.remote.RemoteTestNG.initAndRun(RemoteTestNG.java:251)
at org.testng.remote.RemoteTestNG.main(RemoteTestNG.java:77)
]]>
    </error>
  </testcase> <!-- BulkCancel -->
  <testcase classname="pivotalApplication.GovImmunization" name="opvO" time="2.916"/>
  <testcase classname="pivotalApplication.GovImmunization" name="SaveVaccine" time="2.300"/>
  <testcase classname="pivotalApplication.GovImmunization" name="IPV1" time="3.294"/>
  <testcase classname="pivotalApplication.GovImmunization" name="SaveVaccine1" time="2.940"/>
  <testcase classname="pivotalApplication.GovImmunization" name="HepB" time="3.531"/>
  <testcase classname="pivotalApplication.GovImmunization" name="SaveVaccine2" time="2.310"/>
  <testcase classname="pivotalApplication.GovImmunization" name="Transscript" time="3.252"/>
  <testcase classname="pivotalApplication.GovImmunization" name="CreatedBy" time="2.476"/>
  <testcase classname="pivotalApplication.GovImmunization" name="DocumentOn" time="2.296"/>
  <testcase classname="pivotalApplication.GovImmunization" name="popUpOk" time="2.352"/>
  <testcase classname="pivotalApplication.GovImmunization" name="Camera" time="19.196"/>
  <testcase classname="pivotalApplication.GovImmunization" name="UploadCam" time="2.311"/>
  <testcase classname="pivotalApplication.GovImmunization" name="UploadCamOk" time="2.226"/>
  <testcase classname="pivotalApplication.GovImmunization" name="Transscript1" time="2.692"/>
  <testcase classname="pivotalApplication.GovImmunization" name="CreatedBy1" time="2.975"/>
  <testcase classname="pivotalApplication.GovImmunization" name="DocumentOn1" time="2.275"/>
  <testcase classname="pivotalApplication.GovImmunization" name="popUpOk1" time="2.347"/>
  <testcase classname="pivotalApplication.GovImmunization" name="Gallery" time="2.296"/>
  <testcase classname="pivotalApplication.GovImmunization" name="photo" time="10.322"/>
  <testcase classname="pivotalApplication.GovImmunization" name="Upload" time="2.351"/>
  <testcase classname="pivotalApplication.GovImmunization" name="UploadOk" time="3.332"/>
</testsuite> <!-- pivotalApplication.GovImmunization -->
