<?xml version="1.0" encoding="UTF-8"?>
<!-- Generated by org.testng.reporters.JUnitReportReporter -->
<testsuite hostname="DESKTOP-VQLLA2K" failures="0" tests="7" name="webAuto.AppointmentCreation" time="0.385" errors="1" timestamp="2023-08-17T15:57:45 IST" skipped="6">
  <testcase classname="webAuto.AppointmentCreation" name="setUp" time="0.384">
    <error message="The driver executable must be a regular file: D:\chrome-win32" type="java.lang.IllegalStateException">
      <![CDATA[java.lang.IllegalStateException: The driver executable must be a regular file: D:\chrome-win32
at org.openqa.selenium.internal.Require$FileStateChecker.isFile(Require.java:348)
at org.openqa.selenium.remote.service.DriverFinder.getPath(DriverFinder.java:40)
at org.openqa.selenium.chrome.ChromeDriver.generateExecutor(ChromeDriver.java:98)
at org.openqa.selenium.chrome.ChromeDriver.<init>(ChromeDriver.java:88)
at org.openqa.selenium.chrome.ChromeDriver.<init>(ChromeDriver.java:84)
at org.openqa.selenium.chrome.ChromeDriver.<init>(ChromeDriver.java:52)
at webAuto.AppointmentCreation.setUp(AppointmentCreation.java:73)
at java.base/jdk.internal.reflect.NativeMethodAccessorImpl.invoke0(Native Method)
at java.base/jdk.internal.reflect.NativeMethodAccessorImpl.invoke(NativeMethodAccessorImpl.java:77)
at java.base/jdk.internal.reflect.DelegatingMethodAccessorImpl.invoke(DelegatingMethodAccessorImpl.java:43)
at java.base/java.lang.reflect.Method.invoke(Method.java:568)
at org.testng.internal.invokers.MethodInvocationHelper.invokeMethod(MethodInvocationHelper.java:139)
at org.testng.internal.invokers.MethodInvocationHelper.invokeMethodConsideringTimeout(MethodInvocationHelper.java:69)
at org.testng.internal.invokers.ConfigInvoker.invokeConfigurationMethod(ConfigInvoker.java:390)
at org.testng.internal.invokers.ConfigInvoker.invokeConfigurations(ConfigInvoker.java:325)
at org.testng.internal.invokers.TestMethodWorker.invokeBeforeClassMethods(TestMethodWorker.java:180)
at org.testng.internal.invokers.TestMethodWorker.run(TestMethodWorker.java:122)
at java.base/java.util.ArrayList.forEach(ArrayList.java:1511)
at org.testng.TestRunner.privateRun(TestRunner.java:848)
at org.testng.TestRunner.run(TestRunner.java:621)
at org.testng.SuiteRunner.runTest(SuiteRunner.java:443)
at org.testng.SuiteRunner.runSequentially(SuiteRunner.java:437)
at org.testng.SuiteRunner.privateRun(SuiteRunner.java:397)
at org.testng.SuiteRunner.run(SuiteRunner.java:336)
at org.testng.SuiteRunnerWorker.runSuite(SuiteRunnerWorker.java:52)
at org.testng.SuiteRunnerWorker.run(SuiteRunnerWorker.java:95)
at org.testng.TestNG.runSuitesSequentially(TestNG.java:1280)
at org.testng.TestNG.runSuitesLocally(TestNG.java:1200)
at org.testng.TestNG.runSuites(TestNG.java:1114)
at org.testng.TestNG.run(TestNG.java:1082)
at org.testng.remote.AbstractRemoteTestNG.run(AbstractRemoteTestNG.java:115)
at org.testng.remote.RemoteTestNG.initAndRun(RemoteTestNG.java:251)
at org.testng.remote.RemoteTestNG.main(RemoteTestNG.java:77)
]]>
    </error>
  </testcase> <!-- setUp -->
  <testcase classname="webAuto.AppointmentCreation" name="numberField" time="0.000">
    <skipped/>
  </testcase> <!-- numberField -->
  <testcase classname="webAuto.AppointmentCreation" name="sendOTP" time="0.000">
    <skipped/>
  </testcase> <!-- sendOTP -->
  <testcase classname="webAuto.AppointmentCreation" name="verifyButton" time="0.000">
    <skipped/>
  </testcase> <!-- verifyButton -->
  <testcase classname="webAuto.AppointmentCreation" name="searchBar" time="0.000">
    <skipped/>
  </testcase> <!-- searchBar -->
  <testcase classname="webAuto.AppointmentCreation" name="searchOpt" time="0.001">
    <skipped/>
  </testcase> <!-- searchOpt -->
  <testcase classname="webAuto.AppointmentCreation" name="AddNewAppointment" time="0.000">
    <skipped/>
  </testcase> <!-- AddNewAppointment -->
</testsuite> <!-- webAuto.AppointmentCreation -->
