<?xml version="1.0" encoding="UTF-8"?>
<!-- Generated by org.testng.reporters.JUnitReportReporter -->
<testsuite hostname="DESKTOP-VQLLA2K" failures="0" tests="29" name="pivotalApplication.EditVitals" time="189.539" errors="1" timestamp="2023-08-24T13:20:42 IST" skipped="0">
  <testcase classname="pivotalApplication.EditVitals" name="NumberField" time="1.388"/>
  <testcase classname="pivotalApplication.EditVitals" name="IAgree" time="2.227"/>
  <testcase classname="pivotalApplication.EditVitals" name="proceedButton" time="2.442"/>
  <testcase classname="pivotalApplication.EditVitals" name="OTP" time="11.067"/>
  <testcase classname="pivotalApplication.EditVitals" name="submit" time="5.714"/>
  <testcase classname="pivotalApplication.EditVitals" name="Search" time="7.590"/>
  <testcase classname="pivotalApplication.EditVitals" name="close" time="4.521"/>
  <testcase classname="pivotalApplication.EditVitals" name="ClickPatient" time="2.428"/>
  <testcase classname="pivotalApplication.EditVitals" name="EditVital" time="5.272">
    <error message="Cached elements &#039;By.clazz: android.widget.TextView&#039; do not exist in DOM anymore
For documentation on this error, please visit: https://selenium.dev/exceptions/#stale_element_reference
Build info: version: &#039;4.9.1&#039;, revision: &#039;eb2032df7f&#039;
System info: os.name: &#039;Windows 10&#039;, os.arch: &#039;amd64&#039;, os.version: &#039;10.0&#039;, java.version: &#039;17.0.5&#039;
Driver info: io.appium.java_client.AppiumDriver
Command: [63ff9a15-7c8a-4509-992c-bd40ef48f786, clickElement {id=00000000-0000-01f7-ffff-ffff00000179}]
Capabilities {appium:app: D:\pivotalapp-20-june.apk, appium:appActivity: com.calculator_apps.MainAct..., appium:appPackage: com.calculator_apps, appium:automationName: UiAutomator2, appium:databaseEnabled: false, appium:desired: {app: D:\pivotalapp-20-june.apk, appActivity: com.calculator_apps.MainAct..., appPackage: com.calculator_apps, automationName: UiAutomator2, deviceName: samsung, platformName: ANDROID, platformVersion: 10}, appium:deviceApiLevel: 29, appium:deviceManufacturer: samsung, appium:deviceModel: SM-A305F, appium:deviceName: RZ8M5181Y3M, appium:deviceScreenDensity: 420, appium:deviceScreenSize: 1080x2340, appium:deviceUDID: RZ8M5181Y3M, appium:javascriptEnabled: true, appium:locationContextEnabled: false, appium:networkConnectionEnabled: true, appium:pixelRatio: 2.625, appium:platformVersion: 10, appium:statBarHeight: 83, appium:takesScreenshot: true, appium:viewportRect: {height: 2048, left: 0, top: 83, width: 1080}, appium:warnings: {}, appium:webStorageEnabled: false, platformName: ANDROID}
Element: [[AppiumDriver:  on ANDROID (63ff9a15-7c8a-4509-992c-bd40ef48f786)] -&gt; class name: android.widget.TextView]
Session ID: 63ff9a15-7c8a-4509-992c-bd40ef48f786" type="org.openqa.selenium.StaleElementReferenceException">
      <![CDATA[org.openqa.selenium.StaleElementReferenceException: Cached elements 'By.clazz: android.widget.TextView' do not exist in DOM anymore
For documentation on this error, please visit: https://selenium.dev/exceptions/#stale_element_reference
Build info: version: '4.9.1', revision: 'eb2032df7f'
System info: os.name: 'Windows 10', os.arch: 'amd64', os.version: '10.0', java.version: '17.0.5'
Driver info: io.appium.java_client.AppiumDriver
Command: [63ff9a15-7c8a-4509-992c-bd40ef48f786, clickElement {id=00000000-0000-01f7-ffff-ffff00000179}]
Capabilities {appium:app: D:\pivotalapp-20-june.apk, appium:appActivity: com.calculator_apps.MainAct..., appium:appPackage: com.calculator_apps, appium:automationName: UiAutomator2, appium:databaseEnabled: false, appium:desired: {app: D:\pivotalapp-20-june.apk, appActivity: com.calculator_apps.MainAct..., appPackage: com.calculator_apps, automationName: UiAutomator2, deviceName: samsung, platformName: ANDROID, platformVersion: 10}, appium:deviceApiLevel: 29, appium:deviceManufacturer: samsung, appium:deviceModel: SM-A305F, appium:deviceName: RZ8M5181Y3M, appium:deviceScreenDensity: 420, appium:deviceScreenSize: 1080x2340, appium:deviceUDID: RZ8M5181Y3M, appium:javascriptEnabled: true, appium:locationContextEnabled: false, appium:networkConnectionEnabled: true, appium:pixelRatio: 2.625, appium:platformVersion: 10, appium:statBarHeight: 83, appium:takesScreenshot: true, appium:viewportRect: {height: 2048, left: 0, top: 83, width: 1080}, appium:warnings: {}, appium:webStorageEnabled: false, platformName: ANDROID}
Element: [[AppiumDriver:  on ANDROID (63ff9a15-7c8a-4509-992c-bd40ef48f786)] -> class name: android.widget.TextView]
Session ID: 63ff9a15-7c8a-4509-992c-bd40ef48f786
at java.base/jdk.internal.reflect.NativeConstructorAccessorImpl.newInstance0(Native Method)
at java.base/jdk.internal.reflect.NativeConstructorAccessorImpl.newInstance(NativeConstructorAccessorImpl.java:77)
at java.base/jdk.internal.reflect.DelegatingConstructorAccessorImpl.newInstance(DelegatingConstructorAccessorImpl.java:45)
at java.base/java.lang.reflect.Constructor.newInstanceWithCaller(Constructor.java:499)
at java.base/java.lang.reflect.Constructor.newInstance(Constructor.java:480)
at org.openqa.selenium.remote.codec.w3c.W3CHttpResponseCodec.createException(W3CHttpResponseCodec.java:200)
at org.openqa.selenium.remote.codec.w3c.W3CHttpResponseCodec.decode(W3CHttpResponseCodec.java:133)
at org.openqa.selenium.remote.codec.w3c.W3CHttpResponseCodec.decode(W3CHttpResponseCodec.java:53)
at org.openqa.selenium.remote.HttpCommandExecutor.execute(HttpCommandExecutor.java:193)
at io.appium.java_client.remote.AppiumCommandExecutor.execute(AppiumCommandExecutor.java:262)
at org.openqa.selenium.remote.RemoteWebDriver.execute(RemoteWebDriver.java:543)
at org.openqa.selenium.remote.RemoteWebElement.execute(RemoteWebElement.java:257)
at org.openqa.selenium.remote.RemoteWebElement.click(RemoteWebElement.java:78)
at pivotalApplication.EditVitals.EditVital(EditVitals.java:141)
at java.base/jdk.internal.reflect.NativeMethodAccessorImpl.invoke0(Native Method)
at java.base/jdk.internal.reflect.NativeMethodAccessorImpl.invoke(NativeMethodAccessorImpl.java:77)
at java.base/jdk.internal.reflect.DelegatingMethodAccessorImpl.invoke(DelegatingMethodAccessorImpl.java:43)
at java.base/java.lang.reflect.Method.invoke(Method.java:568)
at org.testng.internal.invokers.MethodInvocationHelper.invokeMethod(MethodInvocationHelper.java:139)
at org.testng.internal.invokers.TestInvoker.invokeMethod(TestInvoker.java:664)
at org.testng.internal.invokers.TestInvoker.invokeTestMethod(TestInvoker.java:227)
at org.testng.internal.invokers.MethodRunner.runInSequence(MethodRunner.java:50)
at org.testng.internal.invokers.TestInvoker$MethodInvocationAgent.invoke(TestInvoker.java:957)
at org.testng.internal.invokers.TestInvoker.invokeTestMethods(TestInvoker.java:200)
at org.testng.internal.invokers.TestMethodWorker.invokeTestMethods(TestMethodWorker.java:148)
at org.testng.internal.invokers.TestMethodWorker.run(TestMethodWorker.java:128)
at java.base/java.util.ArrayList.forEach(ArrayList.java:1511)
at org.testng.TestRunner.privateRun(TestRunner.java:848)
at org.testng.TestRunner.run(TestRunner.java:621)
at org.testng.SuiteRunner.runTest(SuiteRunner.java:443)
at org.testng.SuiteRunner.runSequentially(SuiteRunner.java:437)
at org.testng.SuiteRunner.privateRun(SuiteRunner.java:397)
at org.testng.SuiteRunner.run(SuiteRunner.java:336)
at org.testng.SuiteRunnerWorker.runSuite(SuiteRunnerWorker.java:52)
at org.testng.SuiteRunnerWorker.run(SuiteRunnerWorker.java:95)
at org.testng.TestNG.runSuitesSequentially(TestNG.java:1280)
at org.testng.TestNG.runSuitesLocally(TestNG.java:1200)
at org.testng.TestNG.runSuites(TestNG.java:1114)
at org.testng.TestNG.run(TestNG.java:1082)
at org.testng.remote.AbstractRemoteTestNG.run(AbstractRemoteTestNG.java:115)
at org.testng.remote.RemoteTestNG.initAndRun(RemoteTestNG.java:251)
at org.testng.remote.RemoteTestNG.main(RemoteTestNG.java:77)
]]>
    </error>
  </testcase> <!-- EditVital -->
  <testcase classname="pivotalApplication.EditVitals" name="weight" time="1.021"/>
  <testcase classname="pivotalApplication.EditVitals" name="Height" time="7.735"/>
  <testcase classname="pivotalApplication.EditVitals" name="HC" time="6.086"/>
  <testcase classname="pivotalApplication.EditVitals" name="CC" time="6.025"/>
  <testcase classname="pivotalApplication.EditVitals" name="Temperature" time="6.709"/>
  <testcase classname="pivotalApplication.EditVitals" name="SPO2" time="12.431"/>
  <testcase classname="pivotalApplication.EditVitals" name="UpArrow" time="10.885"/>
  <testcase classname="pivotalApplication.EditVitals" name="BPSYS" time="6.451"/>
  <testcase classname="pivotalApplication.EditVitals" name="BPDIA" time="6.386"/>
  <testcase classname="pivotalApplication.EditVitals" name="HeartRate" time="7.475"/>
  <testcase classname="pivotalApplication.EditVitals" name="Pulse" time="12.176"/>
  <testcase classname="pivotalApplication.EditVitals" name="BloodSugar" time="7.238"/>
  <testcase classname="pivotalApplication.EditVitals" name="BloodSugarf" time="5.969"/>
  <testcase classname="pivotalApplication.EditVitals" name="BloodSugarPP" time="6.410"/>
  <testcase classname="pivotalApplication.EditVitals" name="BloodSugarHB" time="12.162"/>
  <testcase classname="pivotalApplication.EditVitals" name="CholesterolHDL" time="6.927"/>
  <testcase classname="pivotalApplication.EditVitals" name="CholesterolLDL" time="6.480"/>
  <testcase classname="pivotalApplication.EditVitals" name="TotalCholesterol" time="6.396"/>
  <testcase classname="pivotalApplication.EditVitals" name="Triglycerides" time="6.377"/>
  <testcase classname="pivotalApplication.EditVitals" name="Save" time="5.551"/>
</testsuite> <!-- pivotalApplication.EditVitals -->
