<?xml version="1.0" encoding="UTF-8"?>
<!-- Generated by org.testng.reporters.JUnitReportReporter -->
<testsuite hostname="DESKTOP-VQLLA2K" failures="0" tests="42" name="healthApp.HealthEndToEndScript$GrowthRecord" time="0.520" errors="1" timestamp="2023-10-03T12:48:20 IST" skipped="41">
  <testcase classname="healthApp.HealthEndToEndScript$GrowthRecord" name="NumberField" time="0.000">
    <skipped/>
  </testcase> <!-- NumberField -->
  <testcase classname="healthApp.HealthEndToEndScript$GrowthRecord" name="setup" time="0.497">
    <error message="Could not start a new session. Possible causes are invalid address of the remote server or browser start-up failure. 
Host info: host: &#039;DESKTOP-VQLLA2K&#039;, ip: &#039;192.168.56.1&#039;" type="org.openqa.selenium.SessionNotCreatedException">
      <![CDATA[org.openqa.selenium.SessionNotCreatedException: Could not start a new session. Possible causes are invalid address of the remote server or browser start-up failure. 
Host info: host: 'DESKTOP-VQLLA2K', ip: '192.168.56.1'
at org.openqa.selenium.remote.RemoteWebDriver.execute(RemoteWebDriver.java:561)
at io.appium.java_client.AppiumDriver.startSession(AppiumDriver.java:229)
at org.openqa.selenium.remote.RemoteWebDriver.<init>(RemoteWebDriver.java:157)
at io.appium.java_client.AppiumDriver.<init>(AppiumDriver.java:80)
at io.appium.java_client.AppiumDriver.<init>(AppiumDriver.java:92)
at healthApp.HealthLogin.setup(HealthLogin.java:45)
at java.base/jdk.internal.reflect.NativeMethodAccessorImpl.invoke0(Native Method)
at java.base/jdk.internal.reflect.NativeMethodAccessorImpl.invoke(NativeMethodAccessorImpl.java:77)
at java.base/jdk.internal.reflect.DelegatingMethodAccessorImpl.invoke(DelegatingMethodAccessorImpl.java:43)
at java.base/java.lang.reflect.Method.invoke(Method.java:568)
at org.testng.internal.invokers.MethodInvocationHelper.invokeMethod(MethodInvocationHelper.java:139)
at org.testng.internal.invokers.MethodInvocationHelper.invokeMethodConsideringTimeout(MethodInvocationHelper.java:69)
at org.testng.internal.invokers.ConfigInvoker.invokeConfigurationMethod(ConfigInvoker.java:390)
at org.testng.internal.invokers.ConfigInvoker.invokeConfigurations(ConfigInvoker.java:325)
at org.testng.internal.invokers.TestMethodWorker.invokeBeforeClassMethods(TestMethodWorker.java:180)
at org.testng.internal.invokers.TestMethodWorker.run(TestMethodWorker.java:122)
at java.base/java.util.ArrayList.forEach(ArrayList.java:1511)
at org.testng.TestRunner.privateRun(TestRunner.java:848)
at org.testng.TestRunner.run(TestRunner.java:621)
at org.testng.SuiteRunner.runTest(SuiteRunner.java:443)
at org.testng.SuiteRunner.runSequentially(SuiteRunner.java:437)
at org.testng.SuiteRunner.privateRun(SuiteRunner.java:397)
at org.testng.SuiteRunner.run(SuiteRunner.java:336)
at org.testng.SuiteRunnerWorker.runSuite(SuiteRunnerWorker.java:52)
at org.testng.SuiteRunnerWorker.run(SuiteRunnerWorker.java:95)
at org.testng.TestNG.runSuitesSequentially(TestNG.java:1280)
at org.testng.TestNG.runSuitesLocally(TestNG.java:1200)
at org.testng.TestNG.runSuites(TestNG.java:1114)
at org.testng.TestNG.run(TestNG.java:1082)
at org.testng.remote.AbstractRemoteTestNG.run(AbstractRemoteTestNG.java:115)
at org.testng.remote.RemoteTestNG.initAndRun(RemoteTestNG.java:251)
at org.testng.remote.RemoteTestNG.main(RemoteTestNG.java:77)
Caused by: org.openqa.selenium.WebDriverException: java.lang.reflect.InvocationTargetException
Build info: version: '4.9.1', revision: 'eb2032df7f'
System info: os.name: 'Windows 10', os.arch: 'amd64', os.version: '10.0', java.version: '17.0.5'
Driver info: driver.version: AppiumDriver
at io.appium.java_client.remote.AppiumProtocolHandshake.createSession(AppiumProtocolHandshake.java:137)
at io.appium.java_client.remote.AppiumProtocolHandshake.createSession(AppiumProtocolHandshake.java:102)
at io.appium.java_client.remote.AppiumCommandExecutor.createSession(AppiumCommandExecutor.java:194)
at io.appium.java_client.remote.AppiumCommandExecutor.execute(AppiumCommandExecutor.java:262)
at org.openqa.selenium.remote.RemoteWebDriver.execute(RemoteWebDriver.java:543)
... 31 more
Caused by: java.lang.reflect.InvocationTargetException
at java.base/jdk.internal.reflect.NativeMethodAccessorImpl.invoke0(Native Method)
at java.base/jdk.internal.reflect.NativeMethodAccessorImpl.invoke(NativeMethodAccessorImpl.java:77)
at java.base/jdk.internal.reflect.DelegatingMethodAccessorImpl.invoke(DelegatingMethodAccessorImpl.java:43)
at java.base/java.lang.reflect.Method.invoke(Method.java:568)
at io.appium.java_client.remote.AppiumProtocolHandshake.createSession(AppiumProtocolHandshake.java:133)
... 35 more
Caused by: java.io.UncheckedIOException: org.asynchttpclient.exception.RemotelyClosedException: Remotely closed
at org.openqa.selenium.remote.http.netty.NettyHttpHandler.makeCall(NettyHttpHandler.java:73)
at org.openqa.selenium.remote.http.AddSeleniumUserAgent.lambda$apply$0(AddSeleniumUserAgent.java:42)
at io.appium.java_client.remote.AppiumCommandExecutor.lambda$null$0(AppiumCommandExecutor.java:199)
at org.openqa.selenium.remote.http.Filter.lambda$andFinally$1(Filter.java:56)
at org.openqa.selenium.remote.http.netty.NettyHttpHandler.execute(NettyHttpHandler.java:49)
at org.openqa.selenium.remote.http.AddSeleniumUserAgent.lambda$apply$0(AddSeleniumUserAgent.java:42)
at io.appium.java_client.remote.AppiumCommandExecutor.lambda$null$0(AppiumCommandExecutor.java:199)
at org.openqa.selenium.remote.http.Filter.lambda$andFinally$1(Filter.java:56)
at org.openqa.selenium.remote.http.netty.NettyClient.execute(NettyClient.java:99)
at org.openqa.selenium.remote.ProtocolHandshake.createSession(ProtocolHandshake.java:112)
... 40 more
Caused by: org.asynchttpclient.exception.RemotelyClosedException: Remotely closed
at org.asynchttpclient.exception.RemotelyClosedException.INSTANCE(Unknown Source)
]]>
    </error>
  </testcase> <!-- setup -->
  <testcase classname="healthApp.HealthEndToEndScript$GrowthRecord" name="IAgree" time="0.000">
    <skipped/>
  </testcase> <!-- IAgree -->
  <testcase classname="healthApp.HealthEndToEndScript$GrowthRecord" name="proceedButton" time="0.000">
    <skipped/>
  </testcase> <!-- proceedButton -->
  <testcase classname="healthApp.HealthEndToEndScript$GrowthRecord" name="OTP" time="0.000">
    <skipped/>
  </testcase> <!-- OTP -->
  <testcase classname="healthApp.HealthEndToEndScript$GrowthRecord" name="Verify" time="0.000">
    <skipped/>
  </testcase> <!-- Verify -->
  <testcase classname="healthApp.HealthEndToEndScript$GrowthRecord" name="Upload" time="0.000">
    <skipped/>
  </testcase> <!-- Upload -->
  <testcase classname="healthApp.HealthEndToEndScript$GrowthRecord" name="SelectFamilyMember" time="0.000">
    <skipped/>
  </testcase> <!-- SelectFamilyMember -->
  <testcase classname="healthApp.HealthEndToEndScript$GrowthRecord" name="AddButton1" time="0.000">
    <skipped/>
  </testcase> <!-- AddButton1 -->
  <testcase classname="healthApp.HealthEndToEndScript$GrowthRecord" name="GrowthRecord1" time="0.000">
    <skipped/>
  </testcase> <!-- GrowthRecord1 -->
  <testcase classname="healthApp.HealthEndToEndScript$GrowthRecord" name="Vital" time="0.000">
    <skipped/>
  </testcase> <!-- Vital -->
  <testcase classname="healthApp.HealthEndToEndScript$GrowthRecord" name="AddButton2" time="0.000">
    <skipped/>
  </testcase> <!-- AddButton2 -->
  <testcase classname="healthApp.HealthEndToEndScript$GrowthRecord" name="AllVisits" time="0.001">
    <skipped/>
  </testcase> <!-- AllVisits -->
  <testcase classname="healthApp.HealthEndToEndScript$GrowthRecord" name="AddVitalsClick" time="0.000">
    <skipped/>
  </testcase> <!-- AddVitalsClick -->
  <testcase classname="healthApp.HealthEndToEndScript$GrowthRecord" name="AddVitals" time="0.000">
    <skipped/>
  </testcase> <!-- AddVitals -->
  <testcase classname="healthApp.HealthEndToEndScript$GrowthRecord" name="LipidProfile" time="0.000">
    <skipped/>
  </testcase> <!-- LipidProfile -->
  <testcase classname="healthApp.HealthEndToEndScript$GrowthRecord" name="UploadDoc" time="0.000">
    <skipped/>
  </testcase> <!-- UploadDoc -->
  <testcase classname="healthApp.HealthEndToEndScript$GrowthRecord" name="DocumentsDropDown" time="0.020">
    <skipped/>
  </testcase> <!-- DocumentsDropDown -->
  <testcase classname="healthApp.HealthEndToEndScript$GrowthRecord" name="DischargeSummary" time="0.000">
    <skipped/>
  </testcase> <!-- DischargeSummary -->
  <testcase classname="healthApp.HealthEndToEndScript$GrowthRecord" name="CreatedBy" time="0.000">
    <skipped/>
  </testcase> <!-- CreatedBy -->
  <testcase classname="healthApp.HealthEndToEndScript$GrowthRecord" name="DocumentOn" time="0.000">
    <skipped/>
  </testcase> <!-- DocumentOn -->
  <testcase classname="healthApp.HealthEndToEndScript$GrowthRecord" name="popUpOk" time="0.000">
    <skipped/>
  </testcase> <!-- popUpOk -->
  <testcase classname="healthApp.HealthEndToEndScript$GrowthRecord" name="Camera" time="0.000">
    <skipped/>
  </testcase> <!-- Camera -->
  <testcase classname="healthApp.HealthEndToEndScript$GrowthRecord" name="UploadCam" time="0.000">
    <skipped/>
  </testcase> <!-- UploadCam -->
  <testcase classname="healthApp.HealthEndToEndScript$GrowthRecord" name="UploadCamOk" time="0.000">
    <skipped/>
  </testcase> <!-- UploadCamOk -->
  <testcase classname="healthApp.HealthEndToEndScript$GrowthRecord" name="UploadDocuments1" time="0.000">
    <skipped/>
  </testcase> <!-- UploadDocuments1 -->
  <testcase classname="healthApp.HealthEndToEndScript$GrowthRecord" name="DocumentsDropDown1" time="0.001">
    <skipped/>
  </testcase> <!-- DocumentsDropDown1 -->
  <testcase classname="healthApp.HealthEndToEndScript$GrowthRecord" name="DischargeSummary1" time="0.000">
    <skipped/>
  </testcase> <!-- DischargeSummary1 -->
  <testcase classname="healthApp.HealthEndToEndScript$GrowthRecord" name="CreatedBy1" time="0.000">
    <skipped/>
  </testcase> <!-- CreatedBy1 -->
  <testcase classname="healthApp.HealthEndToEndScript$GrowthRecord" name="DocumentOn1" time="0.000">
    <skipped/>
  </testcase> <!-- DocumentOn1 -->
  <testcase classname="healthApp.HealthEndToEndScript$GrowthRecord" name="popUpOk1" time="0.000">
    <skipped/>
  </testcase> <!-- popUpOk1 -->
  <testcase classname="healthApp.HealthEndToEndScript$GrowthRecord" name="Gallery" time="0.000">
    <skipped/>
  </testcase> <!-- Gallery -->
  <testcase classname="healthApp.HealthEndToEndScript$GrowthRecord" name="photo" time="0.000">
    <skipped/>
  </testcase> <!-- photo -->
  <testcase classname="healthApp.HealthEndToEndScript$GrowthRecord" name="UploadOk" time="0.000">
    <skipped/>
  </testcase> <!-- UploadOk -->
  <testcase classname="healthApp.HealthEndToEndScript$GrowthRecord" name="AddButton" time="0.000">
    <skipped/>
  </testcase> <!-- AddButton -->
  <testcase classname="healthApp.HealthEndToEndScript$GrowthRecord" name="BookLabTest11" time="0.000">
    <skipped/>
  </testcase> <!-- BookLabTest11 -->
  <testcase classname="healthApp.HealthEndToEndScript$GrowthRecord" name="SelectLab" time="0.000">
    <skipped/>
  </testcase> <!-- SelectLab -->
  <testcase classname="healthApp.HealthEndToEndScript$GrowthRecord" name="ClickLab" time="0.000">
    <skipped/>
  </testcase> <!-- ClickLab -->
  <testcase classname="healthApp.HealthEndToEndScript$GrowthRecord" name="Comments" time="0.000">
    <skipped/>
  </testcase> <!-- Comments -->
  <testcase classname="healthApp.HealthEndToEndScript$GrowthRecord" name="VaccineLabel" time="0.000">
    <skipped/>
  </testcase> <!-- VaccineLabel -->
  <testcase classname="healthApp.HealthEndToEndScript$GrowthRecord" name="BookLabTest1" time="0.000">
    <skipped/>
  </testcase> <!-- BookLabTest1 -->
  <testcase classname="healthApp.HealthEndToEndScript$GrowthRecord" name="Done" time="0.001">
    <skipped/>
  </testcase> <!-- Done -->
</testsuite> <!-- healthApp.HealthEndToEndScript$GrowthRecord -->
