<?xml version="1.0" encoding="UTF-8"?>
<!-- Generated by org.testng.reporters.JUnitReportReporter -->
<testsuite hostname="DESKTOP-VQLLA2K" failures="0" tests="45" name="pivotalApplication.AddVitals" time="248.156" errors="1" timestamp="2023-08-29T10:10:06 IST" skipped="0">
  <testcase classname="pivotalApplication.AddVitals" name="NumberField" time="1.416"/>
  <testcase classname="pivotalApplication.AddVitals" name="IAgree" time="2.182"/>
  <testcase classname="pivotalApplication.AddVitals" name="proceedButton" time="2.431"/>
  <testcase classname="pivotalApplication.AddVitals" name="OTP" time="11.159"/>
  <testcase classname="pivotalApplication.AddVitals" name="submit" time="5.577"/>
  <testcase classname="pivotalApplication.AddVitals" name="Createptient" time="4.414"/>
  <testcase classname="pivotalApplication.AddVitals" name="Neweptient" time="12.335"/>
  <testcase classname="pivotalApplication.AddVitals" name="Close" time="5.151"/>
  <testcase classname="pivotalApplication.AddVitals" name="MobileNumber1" time="3.044"/>
  <testcase classname="pivotalApplication.AddVitals" name="confirm" time="4.596"/>
  <testcase classname="pivotalApplication.AddVitals" name="confirmPopup" time="5.881"/>
  <testcase classname="pivotalApplication.AddVitals" name="AdditionalNumber1" time="3.108"/>
  <testcase classname="pivotalApplication.AddVitals" name="FirstName" time="4.982"/>
  <testcase classname="pivotalApplication.AddVitals" name="MiddleName" time="5.307"/>
  <testcase classname="pivotalApplication.AddVitals" name="LastName" time="4.965"/>
  <testcase classname="pivotalApplication.AddVitals" name="BirthCalender" time="0.482"/>
  <testcase classname="pivotalApplication.AddVitals" name="Birthok" time="4.372"/>
  <testcase classname="pivotalApplication.AddVitals" name="GenFemale" time="4.471"/>
  <testcase classname="pivotalApplication.AddVitals" name="Address" time="2.953"/>
  <testcase classname="pivotalApplication.AddVitals" name="Area" time="2.463"/>
  <testcase classname="pivotalApplication.AddVitals" name="City" time="2.443"/>
  <testcase classname="pivotalApplication.AddVitals" name="PinCode" time="2.469"/>
  <testcase classname="pivotalApplication.AddVitals" name="Next" time="16.501"/>
  <testcase classname="pivotalApplication.AddVitals" name="AddVital" time="5.351"/>
  <testcase classname="pivotalApplication.AddVitals" name="Continue" time="5.267"/>
  <testcase classname="pivotalApplication.AddVitals" name="weight" time="0.320"/>
  <testcase classname="pivotalApplication.AddVitals" name="Height" time="6.007"/>
  <testcase classname="pivotalApplication.AddVitals" name="HC" time="5.619"/>
  <testcase classname="pivotalApplication.AddVitals" name="CC" time="5.397"/>
  <testcase classname="pivotalApplication.AddVitals" name="Temperature" time="5.882"/>
  <testcase classname="pivotalApplication.AddVitals" name="SPO2" time="11.415"/>
  <testcase classname="pivotalApplication.AddVitals" name="UpArrow" time="10.836"/>
  <testcase classname="pivotalApplication.AddVitals" name="BPSYS" time="5.315"/>
  <testcase classname="pivotalApplication.AddVitals" name="BPDIA" time="5.322"/>
  <testcase classname="pivotalApplication.AddVitals" name="HeartRate" time="6.815"/>
  <testcase classname="pivotalApplication.AddVitals" name="Pulse" time="11.127"/>
  <testcase classname="pivotalApplication.AddVitals" name="BloodSugar" time="6.663"/>
  <testcase classname="pivotalApplication.AddVitals" name="BloodSugarf" time="5.322"/>
  <testcase classname="pivotalApplication.AddVitals" name="BloodSugarPP" time="5.363"/>
  <testcase classname="pivotalApplication.AddVitals" name="BloodSugarHB" time="10.976"/>
  <testcase classname="pivotalApplication.AddVitals" name="CholesterolHDL" time="0.366">
    <error message="Index 0 out of bounds for length 0" type="java.lang.IndexOutOfBoundsException">
      <![CDATA[java.lang.IndexOutOfBoundsException: Index 0 out of bounds for length 0
at java.base/jdk.internal.util.Preconditions.outOfBounds(Preconditions.java:64)
at java.base/jdk.internal.util.Preconditions.outOfBoundsCheckIndex(Preconditions.java:70)
at java.base/jdk.internal.util.Preconditions.checkIndex(Preconditions.java:266)
at java.base/java.util.Objects.checkIndex(Objects.java:359)
at java.base/java.util.ArrayList.get(ArrayList.java:427)
at pivotalApplication.AddVitals.CholesterolHDL(AddVitals.java:564)
at java.base/jdk.internal.reflect.NativeMethodAccessorImpl.invoke0(Native Method)
at java.base/jdk.internal.reflect.NativeMethodAccessorImpl.invoke(NativeMethodAccessorImpl.java:77)
at java.base/jdk.internal.reflect.DelegatingMethodAccessorImpl.invoke(DelegatingMethodAccessorImpl.java:43)
at java.base/java.lang.reflect.Method.invoke(Method.java:568)
at org.testng.internal.invokers.MethodInvocationHelper.invokeMethod(MethodInvocationHelper.java:139)
at org.testng.internal.invokers.TestInvoker.invokeMethod(TestInvoker.java:664)
at org.testng.internal.invokers.TestInvoker.invokeTestMethod(TestInvoker.java:227)
at org.testng.internal.invokers.MethodRunner.runInSequence(MethodRunner.java:50)
at org.testng.internal.invokers.TestInvoker$MethodInvocationAgent.invoke(TestInvoker.java:957)
at org.testng.internal.invokers.TestInvoker.invokeTestMethods(TestInvoker.java:200)
at org.testng.internal.invokers.TestMethodWorker.invokeTestMethods(TestMethodWorker.java:148)
at org.testng.internal.invokers.TestMethodWorker.run(TestMethodWorker.java:128)
at java.base/java.util.ArrayList.forEach(ArrayList.java:1511)
at org.testng.TestRunner.privateRun(TestRunner.java:848)
at org.testng.TestRunner.run(TestRunner.java:621)
at org.testng.SuiteRunner.runTest(SuiteRunner.java:443)
at org.testng.SuiteRunner.runSequentially(SuiteRunner.java:437)
at org.testng.SuiteRunner.privateRun(SuiteRunner.java:397)
at org.testng.SuiteRunner.run(SuiteRunner.java:336)
at org.testng.SuiteRunnerWorker.runSuite(SuiteRunnerWorker.java:52)
at org.testng.SuiteRunnerWorker.run(SuiteRunnerWorker.java:95)
at org.testng.TestNG.runSuitesSequentially(TestNG.java:1280)
at org.testng.TestNG.runSuitesLocally(TestNG.java:1200)
at org.testng.TestNG.runSuites(TestNG.java:1114)
at org.testng.TestNG.run(TestNG.java:1082)
at org.testng.remote.AbstractRemoteTestNG.run(AbstractRemoteTestNG.java:115)
at org.testng.remote.RemoteTestNG.initAndRun(RemoteTestNG.java:251)
at org.testng.remote.RemoteTestNG.main(RemoteTestNG.java:77)
]]>
    </error>
  </testcase> <!-- CholesterolHDL -->
  <testcase classname="pivotalApplication.AddVitals" name="CholesterolLDL" time="5.920"/>
  <testcase classname="pivotalApplication.AddVitals" name="TotalCholesterol" time="5.403"/>
  <testcase classname="pivotalApplication.AddVitals" name="Triglycerides" time="5.344"/>
  <testcase classname="pivotalApplication.AddVitals" name="Save" time="5.424"/>
</testsuite> <!-- pivotalApplication.AddVitals -->
