<?xml version="1.0" encoding="UTF-8"?>
<!-- Generated by org.testng.reporters.JUnitReportReporter -->
<testsuite hostname="DESKTOP-VQLLA2K" failures="0" tests="21" name="webAutoQueueNegative.PatientEditVaccineQ" time="177.246" errors="1" timestamp="2023-06-20T17:36:27 IST" skipped="0">
  <testcase classname="webAutoQueueNegative.PatientEditVaccineQ" name="numberField" time="0.527"/>
  <system-out/>
  <testcase classname="webAutoQueueNegative.PatientEditVaccineQ" name="sendOTP" time="9.956"/>
  <system-out/>
  <testcase classname="webAutoQueueNegative.PatientEditVaccineQ" name="verifyButton" time="10.413"/>
  <system-out/>
  <testcase classname="webAutoQueueNegative.PatientEditVaccineQ" name="createPatient" time="4.799"/>
  <system-out/>
  <testcase classname="webAutoQueueNegative.PatientEditVaccineQ" name="Number1" time="1.370"/>
  <system-out/>
  <testcase classname="webAutoQueueNegative.PatientEditVaccineQ" name="confirm" time="1.860"/>
  <system-out/>
  <testcase classname="webAutoQueueNegative.PatientEditVaccineQ" name="number2" time="0.493"/>
  <system-out/>
  <testcase classname="webAutoQueueNegative.PatientEditVaccineQ" name="firstName" time="0.565"/>
  <system-out/>
  <testcase classname="webAutoQueueNegative.PatientEditVaccineQ" name="middleName" time="0.458"/>
  <system-out/>
  <testcase classname="webAutoQueueNegative.PatientEditVaccineQ" name="lastName" time="0.366"/>
  <system-out/>
  <testcase classname="webAutoQueueNegative.PatientEditVaccineQ" name="birthDate" time="0.752"/>
  <system-out/>
  <testcase classname="webAutoQueueNegative.PatientEditVaccineQ" name="genFemale" time="0.315"/>
  <system-out/>
  <testcase classname="webAutoQueueNegative.PatientEditVaccineQ" name="address" time="0.476"/>
  <system-out/>
  <testcase classname="webAutoQueueNegative.PatientEditVaccineQ" name="locality" time="0.413"/>
  <system-out/>
  <testcase classname="webAutoQueueNegative.PatientEditVaccineQ" name="city" time="0.375"/>
  <system-out/>
  <testcase classname="webAutoQueueNegative.PatientEditVaccineQ" name="pinCode" time="0.880"/>
  <system-out/>
  <testcase classname="webAutoQueueNegative.PatientEditVaccineQ" name="nextButton" time="15.149"/>
  <system-out/>
  <testcase classname="webAutoQueueNegative.PatientEditVaccineQ" name="clickClose" time="1.270"/>
  <system-out/>
  <testcase classname="webAutoQueueNegative.PatientEditVaccineQ" name="fillVitalForm" time="17.845"/>
  <system-out/>
  <testcase classname="webAutoQueueNegative.PatientEditVaccineQ" name="fillHealthProfile" time="13.342"/>
  <system-out/>
  <testcase classname="webAutoQueueNegative.PatientEditVaccineQ" name="fillFamilyProfile" time="95.622">
    <error message="no such element: Unable to locate element: {&quot;method&quot;:&quot;xpath&quot;,&quot;selector&quot;:&quot;/html/body/div[2]/div[2]/div/mat-dialog-container/app-new-onboard-patient/mat-horizontal-stepper/div[2]/div[2]/form/div[2]/div[5]/mat-form-field[2]/div/div[1]/div/input&quot;}
  (Session info: chrome=114.0.5735.111)
For documentation on this error, please visit: https://selenium.dev/exceptions/#no_such_element
Build info: version: &#039;4.9.1&#039;, revision: &#039;eb2032df7f&#039;
System info: os.name: &#039;Windows 10&#039;, os.arch: &#039;amd64&#039;, os.version: &#039;10.0&#039;, java.version: &#039;19.0.1&#039;
Driver info: org.openqa.selenium.chrome.ChromeDriver
Command: [601276ba96609ece563d17d2108245d3, findElement {using=xpath, value=/html/body/div[2]/div[2]/div/mat-dialog-container/app-new-onboard-patient/mat-horizontal-stepper/div[2]/div[2]/form/div[2]/div[5]/mat-form-field[2]/div/div[1]/div/input}]
Capabilities {acceptInsecureCerts: false, browserName: chrome, browserVersion: 114.0.5735.111, chrome: {chromedriverVersion: 113.0.5672.63 (0e1a4471d5ae..., userDataDir: C:\Users\Lenovo\AppData\Loc...}, goog:chromeOptions: {debuggerAddress: localhost:64579}, networkConnectionEnabled: false, pageLoadStrategy: normal, platformName: windows, proxy: Proxy(), se:cdp: ws://localhost:64579/devtoo..., se:cdpVersion: 114.0.5735.111, setWindowRect: true, strictFileInteractability: false, timeouts: {implicit: 0, pageLoad: 300000, script: 30000}, unhandledPromptBehavior: dismiss and notify, webauthn:extension:credBlob: true, webauthn:extension:largeBlob: true, webauthn:extension:minPinLength: true, webauthn:extension:prf: true, webauthn:virtualAuthenticators: true}
Session ID: 601276ba96609ece563d17d2108245d3" type="org.openqa.selenium.NoSuchElementException">
      <![CDATA[org.openqa.selenium.NoSuchElementException: no such element: Unable to locate element: {"method":"xpath","selector":"/html/body/div[2]/div[2]/div/mat-dialog-container/app-new-onboard-patient/mat-horizontal-stepper/div[2]/div[2]/form/div[2]/div[5]/mat-form-field[2]/div/div[1]/div/input"}
  (Session info: chrome=114.0.5735.111)
For documentation on this error, please visit: https://selenium.dev/exceptions/#no_such_element
Build info: version: '4.9.1', revision: 'eb2032df7f'
System info: os.name: 'Windows 10', os.arch: 'amd64', os.version: '10.0', java.version: '19.0.1'
Driver info: org.openqa.selenium.chrome.ChromeDriver
Command: [601276ba96609ece563d17d2108245d3, findElement {using=xpath, value=/html/body/div[2]/div[2]/div/mat-dialog-container/app-new-onboard-patient/mat-horizontal-stepper/div[2]/div[2]/form/div[2]/div[5]/mat-form-field[2]/div/div[1]/div/input}]
Capabilities {acceptInsecureCerts: false, browserName: chrome, browserVersion: 114.0.5735.111, chrome: {chromedriverVersion: 113.0.5672.63 (0e1a4471d5ae..., userDataDir: C:\Users\Lenovo\AppData\Loc...}, goog:chromeOptions: {debuggerAddress: localhost:64579}, networkConnectionEnabled: false, pageLoadStrategy: normal, platformName: windows, proxy: Proxy(), se:cdp: ws://localhost:64579/devtoo..., se:cdpVersion: 114.0.5735.111, setWindowRect: true, strictFileInteractability: false, timeouts: {implicit: 0, pageLoad: 300000, script: 30000}, unhandledPromptBehavior: dismiss and notify, webauthn:extension:credBlob: true, webauthn:extension:largeBlob: true, webauthn:extension:minPinLength: true, webauthn:extension:prf: true, webauthn:virtualAuthenticators: true}
Session ID: 601276ba96609ece563d17d2108245d3
at java.base/jdk.internal.reflect.DirectConstructorHandleAccessor.newInstance(DirectConstructorHandleAccessor.java:67)
at java.base/java.lang.reflect.Constructor.newInstanceWithCaller(Constructor.java:500)
at java.base/java.lang.reflect.Constructor.newInstance(Constructor.java:484)
at org.openqa.selenium.remote.codec.w3c.W3CHttpResponseCodec.createException(W3CHttpResponseCodec.java:200)
at org.openqa.selenium.remote.codec.w3c.W3CHttpResponseCodec.decode(W3CHttpResponseCodec.java:133)
at org.openqa.selenium.remote.codec.w3c.W3CHttpResponseCodec.decode(W3CHttpResponseCodec.java:53)
at org.openqa.selenium.remote.HttpCommandExecutor.execute(HttpCommandExecutor.java:193)
at org.openqa.selenium.remote.service.DriverCommandExecutor.invokeExecute(DriverCommandExecutor.java:183)
at org.openqa.selenium.remote.service.DriverCommandExecutor.execute(DriverCommandExecutor.java:158)
at org.openqa.selenium.remote.RemoteWebDriver.execute(RemoteWebDriver.java:543)
at org.openqa.selenium.remote.ElementLocation$ElementFinder$2.findElement(ElementLocation.java:162)
at org.openqa.selenium.remote.ElementLocation.findElement(ElementLocation.java:60)
at org.openqa.selenium.remote.RemoteWebDriver.findElement(RemoteWebDriver.java:352)
at org.openqa.selenium.remote.RemoteWebDriver.findElement(RemoteWebDriver.java:344)
at webAutoQueueNegative.PatientEditVaccineQ.highlightElement(PatientEditVaccineQ.java:127)
at webAutoQueueNegative.PatientEditVaccineQ.fillFamilyProfile(PatientEditVaccineQ.java:546)
at java.base/jdk.internal.reflect.DirectMethodHandleAccessor.invoke(DirectMethodHandleAccessor.java:104)
at java.base/java.lang.reflect.Method.invoke(Method.java:578)
at org.testng.internal.invokers.MethodInvocationHelper.invokeMethod(MethodInvocationHelper.java:139)
at org.testng.internal.invokers.TestInvoker.invokeMethod(TestInvoker.java:677)
at org.testng.internal.invokers.TestInvoker.invokeTestMethod(TestInvoker.java:221)
at org.testng.internal.invokers.MethodRunner.runInSequence(MethodRunner.java:50)
at org.testng.internal.invokers.TestInvoker$MethodInvocationAgent.invoke(TestInvoker.java:969)
at org.testng.internal.invokers.TestInvoker.invokeTestMethods(TestInvoker.java:194)
at org.testng.internal.invokers.TestMethodWorker.invokeTestMethods(TestMethodWorker.java:148)
at org.testng.internal.invokers.TestMethodWorker.run(TestMethodWorker.java:128)
at java.base/java.util.ArrayList.forEach(ArrayList.java:1511)
at org.testng.TestRunner.privateRun(TestRunner.java:829)
at org.testng.TestRunner.run(TestRunner.java:602)
at org.testng.SuiteRunner.runTest(SuiteRunner.java:437)
at org.testng.SuiteRunner.runSequentially(SuiteRunner.java:431)
at org.testng.SuiteRunner.privateRun(SuiteRunner.java:391)
at org.testng.SuiteRunner.run(SuiteRunner.java:330)
at org.testng.SuiteRunnerWorker.runSuite(SuiteRunnerWorker.java:52)
at org.testng.SuiteRunnerWorker.run(SuiteRunnerWorker.java:95)
at org.testng.TestNG.runSuitesSequentially(TestNG.java:1256)
at org.testng.TestNG.runSuitesLocally(TestNG.java:1176)
at org.testng.TestNG.runSuites(TestNG.java:1099)
at org.testng.TestNG.run(TestNG.java:1067)
at org.testng.remote.AbstractRemoteTestNG.run(AbstractRemoteTestNG.java:115)
at org.testng.remote.RemoteTestNG.initAndRun(RemoteTestNG.java:251)
at org.testng.remote.RemoteTestNG.main(RemoteTestNG.java:77)
]]>
    </error>
  </testcase> <!-- fillFamilyProfile -->
  <system-out/>
</testsuite> <!-- webAutoQueueNegative.PatientEditVaccineQ -->
