<?xml version="1.0" encoding="UTF-8"?>
<!-- Generated by org.testng.reporters.JUnitReportReporter -->
<testsuite hostname="DESKTOP-VQLLA2K" failures="0" tests="38" name="webAutoQueueNegative.QMarathiCreatePatient" time="468.791" errors="2" timestamp="2023-06-21T15:36:03 IST" skipped="0">
  <testcase classname="webAutoQueueNegative.QMarathiCreatePatient" name="numberField" time="0.546"/>
  <system-out/>
  <testcase classname="webAutoQueueNegative.QMarathiCreatePatient" name="sendOTP" time="6.499"/>
  <system-out/>
  <testcase classname="webAutoQueueNegative.QMarathiCreatePatient" name="verifyButton" time="10.219"/>
  <system-out/>
  <testcase classname="webAutoQueueNegative.QMarathiCreatePatient" name="createPatient" time="6.600"/>
  <system-out/>
  <testcase classname="webAutoQueueNegative.QMarathiCreatePatient" name="Number1" time="1.122"/>
  <system-out/>
  <testcase classname="webAutoQueueNegative.QMarathiCreatePatient" name="confirm" time="2.452"/>
  <system-out/>
  <testcase classname="webAutoQueueNegative.QMarathiCreatePatient" name="number2" time="0.516"/>
  <system-out/>
  <testcase classname="webAutoQueueNegative.QMarathiCreatePatient" name="firstName" time="0.507"/>
  <system-out/>
  <testcase classname="webAutoQueueNegative.QMarathiCreatePatient" name="middleName" time="0.606"/>
  <system-out/>
  <testcase classname="webAutoQueueNegative.QMarathiCreatePatient" name="lastName" time="1.355"/>
  <system-out/>
  <testcase classname="webAutoQueueNegative.QMarathiCreatePatient" name="birthDate" time="1.089"/>
  <system-out/>
  <testcase classname="webAutoQueueNegative.QMarathiCreatePatient" name="genFemale" time="0.336"/>
  <system-out/>
  <testcase classname="webAutoQueueNegative.QMarathiCreatePatient" name="address" time="0.503"/>
  <system-out/>
  <testcase classname="webAutoQueueNegative.QMarathiCreatePatient" name="locality" time="0.407"/>
  <system-out/>
  <testcase classname="webAutoQueueNegative.QMarathiCreatePatient" name="city" time="0.436"/>
  <system-out/>
  <testcase classname="webAutoQueueNegative.QMarathiCreatePatient" name="pinCode" time="0.905"/>
  <system-out/>
  <testcase classname="webAutoQueueNegative.QMarathiCreatePatient" name="nextButton" time="15.161"/>
  <system-out/>
  <testcase classname="webAutoQueueNegative.QMarathiCreatePatient" name="clickClose" time="1.196"/>
  <system-out/>
  <testcase classname="webAutoQueueNegative.QMarathiCreatePatient" name="fillVitalForm" time="18.233"/>
  <system-out/>
  <testcase classname="webAutoQueueNegative.QMarathiCreatePatient" name="fillHealthProfile" time="13.705"/>
  <system-out/>
  <testcase classname="webAutoQueueNegative.QMarathiCreatePatient" name="fillFamilyProfile" time="18.873"/>
  <system-out/>
  <testcase classname="webAutoQueueNegative.QMarathiCreatePatient" name="GoHome" time="1.042"/>
  <system-out/>
  <testcase classname="webAutoQueueNegative.QMarathiCreatePatient" name="Queue" time="3.170"/>
  <system-out/>
  <testcase classname="webAutoQueueNegative.QMarathiCreatePatient" name="Join" time="3.174"/>
  <system-out/>
  <testcase classname="webAutoQueueNegative.QMarathiCreatePatient" name="JoinOk" time="3.172"/>
  <system-out/>
  <testcase classname="webAutoQueueNegative.QMarathiCreatePatient" name="AddPrescription" time="15.850"/>
  <system-out/>
  <testcase classname="webAutoQueueNegative.QMarathiCreatePatient" name="Complaints" time="4.778">
    <error message="stale element reference: stale element not found
  (Session info: chrome=114.0.5735.134)
For documentation on this error, please visit: https://selenium.dev/exceptions/#stale_element_reference
Build info: version: &#039;4.9.1&#039;, revision: &#039;eb2032df7f&#039;
System info: os.name: &#039;Windows 10&#039;, os.arch: &#039;amd64&#039;, os.version: &#039;10.0&#039;, java.version: &#039;19.0.1&#039;
Driver info: org.openqa.selenium.chrome.ChromeDriver
Command: [9088f2e1cf20d64bd312b30e14e3e652, executeScript {script=arguments[0].click();, args=[{element-6066-11e4-a52e-4f735466cecf=0E428EE42757592CD7A734177A253FBD_element_404}]}]
Capabilities {acceptInsecureCerts: false, browserName: chrome, browserVersion: 114.0.5735.134, chrome: {chromedriverVersion: 113.0.5672.63 (0e1a4471d5ae..., userDataDir: C:\Users\Lenovo\AppData\Loc...}, goog:chromeOptions: {debuggerAddress: localhost:62182}, networkConnectionEnabled: false, pageLoadStrategy: normal, platformName: windows, proxy: Proxy(), se:cdp: ws://localhost:62182/devtoo..., se:cdpVersion: 114.0.5735.134, setWindowRect: true, strictFileInteractability: false, timeouts: {implicit: 0, pageLoad: 300000, script: 30000}, unhandledPromptBehavior: dismiss and notify, webauthn:extension:credBlob: true, webauthn:extension:largeBlob: true, webauthn:extension:minPinLength: true, webauthn:extension:prf: true, webauthn:virtualAuthenticators: true}
Session ID: 9088f2e1cf20d64bd312b30e14e3e652" type="org.openqa.selenium.StaleElementReferenceException">
      <![CDATA[org.openqa.selenium.StaleElementReferenceException: stale element reference: stale element not found
  (Session info: chrome=114.0.5735.134)
For documentation on this error, please visit: https://selenium.dev/exceptions/#stale_element_reference
Build info: version: '4.9.1', revision: 'eb2032df7f'
System info: os.name: 'Windows 10', os.arch: 'amd64', os.version: '10.0', java.version: '19.0.1'
Driver info: org.openqa.selenium.chrome.ChromeDriver
Command: [9088f2e1cf20d64bd312b30e14e3e652, executeScript {script=arguments[0].click();, args=[{element-6066-11e4-a52e-4f735466cecf=0E428EE42757592CD7A734177A253FBD_element_404}]}]
Capabilities {acceptInsecureCerts: false, browserName: chrome, browserVersion: 114.0.5735.134, chrome: {chromedriverVersion: 113.0.5672.63 (0e1a4471d5ae..., userDataDir: C:\Users\Lenovo\AppData\Loc...}, goog:chromeOptions: {debuggerAddress: localhost:62182}, networkConnectionEnabled: false, pageLoadStrategy: normal, platformName: windows, proxy: Proxy(), se:cdp: ws://localhost:62182/devtoo..., se:cdpVersion: 114.0.5735.134, setWindowRect: true, strictFileInteractability: false, timeouts: {implicit: 0, pageLoad: 300000, script: 30000}, unhandledPromptBehavior: dismiss and notify, webauthn:extension:credBlob: true, webauthn:extension:largeBlob: true, webauthn:extension:minPinLength: true, webauthn:extension:prf: true, webauthn:virtualAuthenticators: true}
Session ID: 9088f2e1cf20d64bd312b30e14e3e652
at java.base/jdk.internal.reflect.DirectConstructorHandleAccessor.newInstance(DirectConstructorHandleAccessor.java:67)
at java.base/java.lang.reflect.Constructor.newInstanceWithCaller(Constructor.java:500)
at java.base/java.lang.reflect.Constructor.newInstance(Constructor.java:484)
at org.openqa.selenium.remote.codec.w3c.W3CHttpResponseCodec.createException(W3CHttpResponseCodec.java:200)
at org.openqa.selenium.remote.codec.w3c.W3CHttpResponseCodec.decode(W3CHttpResponseCodec.java:133)
at org.openqa.selenium.remote.codec.w3c.W3CHttpResponseCodec.decode(W3CHttpResponseCodec.java:53)
at org.openqa.selenium.remote.HttpCommandExecutor.execute(HttpCommandExecutor.java:193)
at org.openqa.selenium.remote.service.DriverCommandExecutor.invokeExecute(DriverCommandExecutor.java:183)
at org.openqa.selenium.remote.service.DriverCommandExecutor.execute(DriverCommandExecutor.java:158)
at org.openqa.selenium.remote.RemoteWebDriver.execute(RemoteWebDriver.java:543)
at org.openqa.selenium.remote.RemoteWebDriver.executeScript(RemoteWebDriver.java:480)
at webAutoQueueNegative.QMarathiCreatePatient.clickUsingJavaScript(QMarathiCreatePatient.java:206)
at webAutoQueueNegative.QMarathiCreatePatient.Complaints(QMarathiCreatePatient.java:618)
at java.base/jdk.internal.reflect.DirectMethodHandleAccessor.invoke(DirectMethodHandleAccessor.java:104)
at java.base/java.lang.reflect.Method.invoke(Method.java:578)
at org.testng.internal.invokers.MethodInvocationHelper.invokeMethod(MethodInvocationHelper.java:139)
at org.testng.internal.invokers.TestInvoker.invokeMethod(TestInvoker.java:677)
at org.testng.internal.invokers.TestInvoker.invokeTestMethod(TestInvoker.java:221)
at org.testng.internal.invokers.MethodRunner.runInSequence(MethodRunner.java:50)
at org.testng.internal.invokers.TestInvoker$MethodInvocationAgent.invoke(TestInvoker.java:969)
at org.testng.internal.invokers.TestInvoker.invokeTestMethods(TestInvoker.java:194)
at org.testng.internal.invokers.TestMethodWorker.invokeTestMethods(TestMethodWorker.java:148)
at org.testng.internal.invokers.TestMethodWorker.run(TestMethodWorker.java:128)
at java.base/java.util.ArrayList.forEach(ArrayList.java:1511)
at org.testng.TestRunner.privateRun(TestRunner.java:829)
at org.testng.TestRunner.run(TestRunner.java:602)
at org.testng.SuiteRunner.runTest(SuiteRunner.java:437)
at org.testng.SuiteRunner.runSequentially(SuiteRunner.java:431)
at org.testng.SuiteRunner.privateRun(SuiteRunner.java:391)
at org.testng.SuiteRunner.run(SuiteRunner.java:330)
at org.testng.SuiteRunnerWorker.runSuite(SuiteRunnerWorker.java:52)
at org.testng.SuiteRunnerWorker.run(SuiteRunnerWorker.java:95)
at org.testng.TestNG.runSuitesSequentially(TestNG.java:1256)
at org.testng.TestNG.runSuitesLocally(TestNG.java:1176)
at org.testng.TestNG.runSuites(TestNG.java:1099)
at org.testng.TestNG.run(TestNG.java:1067)
at org.testng.remote.AbstractRemoteTestNG.run(AbstractRemoteTestNG.java:115)
at org.testng.remote.RemoteTestNG.initAndRun(RemoteTestNG.java:251)
at org.testng.remote.RemoteTestNG.main(RemoteTestNG.java:77)
]]>
    </error>
  </testcase> <!-- Complaints -->
  <system-out/>
  <testcase classname="webAutoQueueNegative.QMarathiCreatePatient" name="VitalsOption" time="5.878"/>
  <system-out/>
  <testcase classname="webAutoQueueNegative.QMarathiCreatePatient" name="BpandHeartOption" time="17.305"/>
  <system-out/>
  <testcase classname="webAutoQueueNegative.QMarathiCreatePatient" name="BloodAndAnalysis" time="18.804"/>
  <system-out/>
  <testcase classname="webAutoQueueNegative.QMarathiCreatePatient" name="LipidProfile" time="16.688"/>
  <system-out/>
  <testcase classname="webAutoQueueNegative.QMarathiCreatePatient" name="OnExamination" time="16.155"/>
  <system-out/>
  <testcase classname="webAutoQueueNegative.QMarathiCreatePatient" name="Diagnosis" time="15.715"/>
  <system-out/>
  <testcase classname="webAutoQueueNegative.QMarathiCreatePatient" name="Medicine1" time="96.725"/>
  <system-out/>
  <testcase classname="webAutoQueueNegative.QMarathiCreatePatient" name="DietaryAdvice" time="16.331"/>
  <system-out/>
  <testcase classname="webAutoQueueNegative.QMarathiCreatePatient" name="GeneralInstruction" time="75.525">
    <error message="no such element: Unable to locate element: {&quot;method&quot;:&quot;xpath&quot;,&quot;selector&quot;:&quot;/html/body/app-root/app-layout/ng-sidebar-container/div/div/div/app-quick/div/div[2]/app-prescription-live-preview/div/div/mat-chip-list/div/mat-chip[2]&quot;}
  (Session info: chrome=114.0.5735.134)
For documentation on this error, please visit: https://selenium.dev/exceptions/#no_such_element
Build info: version: &#039;4.9.1&#039;, revision: &#039;eb2032df7f&#039;
System info: os.name: &#039;Windows 10&#039;, os.arch: &#039;amd64&#039;, os.version: &#039;10.0&#039;, java.version: &#039;19.0.1&#039;
Driver info: org.openqa.selenium.chrome.ChromeDriver
Command: [9088f2e1cf20d64bd312b30e14e3e652, findElement {using=xpath, value=/html/body/app-root/app-layout/ng-sidebar-container/div/div/div/app-quick/div/div[2]/app-prescription-live-preview/div/div/mat-chip-list/div/mat-chip[2]}]
Capabilities {acceptInsecureCerts: false, browserName: chrome, browserVersion: 114.0.5735.134, chrome: {chromedriverVersion: 113.0.5672.63 (0e1a4471d5ae..., userDataDir: C:\Users\Lenovo\AppData\Loc...}, goog:chromeOptions: {debuggerAddress: localhost:62182}, networkConnectionEnabled: false, pageLoadStrategy: normal, platformName: windows, proxy: Proxy(), se:cdp: ws://localhost:62182/devtoo..., se:cdpVersion: 114.0.5735.134, setWindowRect: true, strictFileInteractability: false, timeouts: {implicit: 0, pageLoad: 300000, script: 30000}, unhandledPromptBehavior: dismiss and notify, webauthn:extension:credBlob: true, webauthn:extension:largeBlob: true, webauthn:extension:minPinLength: true, webauthn:extension:prf: true, webauthn:virtualAuthenticators: true}
Session ID: 9088f2e1cf20d64bd312b30e14e3e652" type="org.openqa.selenium.NoSuchElementException">
      <![CDATA[org.openqa.selenium.NoSuchElementException: no such element: Unable to locate element: {"method":"xpath","selector":"/html/body/app-root/app-layout/ng-sidebar-container/div/div/div/app-quick/div/div[2]/app-prescription-live-preview/div/div/mat-chip-list/div/mat-chip[2]"}
  (Session info: chrome=114.0.5735.134)
For documentation on this error, please visit: https://selenium.dev/exceptions/#no_such_element
Build info: version: '4.9.1', revision: 'eb2032df7f'
System info: os.name: 'Windows 10', os.arch: 'amd64', os.version: '10.0', java.version: '19.0.1'
Driver info: org.openqa.selenium.chrome.ChromeDriver
Command: [9088f2e1cf20d64bd312b30e14e3e652, findElement {using=xpath, value=/html/body/app-root/app-layout/ng-sidebar-container/div/div/div/app-quick/div/div[2]/app-prescription-live-preview/div/div/mat-chip-list/div/mat-chip[2]}]
Capabilities {acceptInsecureCerts: false, browserName: chrome, browserVersion: 114.0.5735.134, chrome: {chromedriverVersion: 113.0.5672.63 (0e1a4471d5ae..., userDataDir: C:\Users\Lenovo\AppData\Loc...}, goog:chromeOptions: {debuggerAddress: localhost:62182}, networkConnectionEnabled: false, pageLoadStrategy: normal, platformName: windows, proxy: Proxy(), se:cdp: ws://localhost:62182/devtoo..., se:cdpVersion: 114.0.5735.134, setWindowRect: true, strictFileInteractability: false, timeouts: {implicit: 0, pageLoad: 300000, script: 30000}, unhandledPromptBehavior: dismiss and notify, webauthn:extension:credBlob: true, webauthn:extension:largeBlob: true, webauthn:extension:minPinLength: true, webauthn:extension:prf: true, webauthn:virtualAuthenticators: true}
Session ID: 9088f2e1cf20d64bd312b30e14e3e652
at java.base/jdk.internal.reflect.DirectConstructorHandleAccessor.newInstance(DirectConstructorHandleAccessor.java:67)
at java.base/java.lang.reflect.Constructor.newInstanceWithCaller(Constructor.java:500)
at java.base/java.lang.reflect.Constructor.newInstance(Constructor.java:484)
at org.openqa.selenium.remote.codec.w3c.W3CHttpResponseCodec.createException(W3CHttpResponseCodec.java:200)
at org.openqa.selenium.remote.codec.w3c.W3CHttpResponseCodec.decode(W3CHttpResponseCodec.java:133)
at org.openqa.selenium.remote.codec.w3c.W3CHttpResponseCodec.decode(W3CHttpResponseCodec.java:53)
at org.openqa.selenium.remote.HttpCommandExecutor.execute(HttpCommandExecutor.java:193)
at org.openqa.selenium.remote.service.DriverCommandExecutor.invokeExecute(DriverCommandExecutor.java:183)
at org.openqa.selenium.remote.service.DriverCommandExecutor.execute(DriverCommandExecutor.java:158)
at org.openqa.selenium.remote.RemoteWebDriver.execute(RemoteWebDriver.java:543)
at org.openqa.selenium.remote.ElementLocation$ElementFinder$2.findElement(ElementLocation.java:162)
at org.openqa.selenium.remote.ElementLocation.findElement(ElementLocation.java:60)
at org.openqa.selenium.remote.RemoteWebDriver.findElement(RemoteWebDriver.java:352)
at org.openqa.selenium.remote.RemoteWebDriver.findElement(RemoteWebDriver.java:344)
at webAutoQueueNegative.QMarathiCreatePatient.GeneralInstruction(QMarathiCreatePatient.java:890)
at java.base/jdk.internal.reflect.DirectMethodHandleAccessor.invoke(DirectMethodHandleAccessor.java:104)
at java.base/java.lang.reflect.Method.invoke(Method.java:578)
at org.testng.internal.invokers.MethodInvocationHelper.invokeMethod(MethodInvocationHelper.java:139)
at org.testng.internal.invokers.TestInvoker.invokeMethod(TestInvoker.java:677)
at org.testng.internal.invokers.TestInvoker.invokeTestMethod(TestInvoker.java:221)
at org.testng.internal.invokers.MethodRunner.runInSequence(MethodRunner.java:50)
at org.testng.internal.invokers.TestInvoker$MethodInvocationAgent.invoke(TestInvoker.java:969)
at org.testng.internal.invokers.TestInvoker.invokeTestMethods(TestInvoker.java:194)
at org.testng.internal.invokers.TestMethodWorker.invokeTestMethods(TestMethodWorker.java:148)
at org.testng.internal.invokers.TestMethodWorker.run(TestMethodWorker.java:128)
at java.base/java.util.ArrayList.forEach(ArrayList.java:1511)
at org.testng.TestRunner.privateRun(TestRunner.java:829)
at org.testng.TestRunner.run(TestRunner.java:602)
at org.testng.SuiteRunner.runTest(SuiteRunner.java:437)
at org.testng.SuiteRunner.runSequentially(SuiteRunner.java:431)
at org.testng.SuiteRunner.privateRun(SuiteRunner.java:391)
at org.testng.SuiteRunner.run(SuiteRunner.java:330)
at org.testng.SuiteRunnerWorker.runSuite(SuiteRunnerWorker.java:52)
at org.testng.SuiteRunnerWorker.run(SuiteRunnerWorker.java:95)
at org.testng.TestNG.runSuitesSequentially(TestNG.java:1256)
at org.testng.TestNG.runSuitesLocally(TestNG.java:1176)
at org.testng.TestNG.runSuites(TestNG.java:1099)
at org.testng.TestNG.run(TestNG.java:1067)
at org.testng.remote.AbstractRemoteTestNG.run(AbstractRemoteTestNG.java:115)
at org.testng.remote.RemoteTestNG.initAndRun(RemoteTestNG.java:251)
at org.testng.remote.RemoteTestNG.main(RemoteTestNG.java:77)
]]>
    </error>
  </testcase> <!-- GeneralInstruction -->
  <system-out/>
  <testcase classname="webAutoQueueNegative.QMarathiCreatePatient" name="SaveandProceed" time="0.346"/>
  <system-out/>
  <testcase classname="webAutoQueueNegative.QMarathiCreatePatient" name="ConfirmPrescription" time="56.867"/>
  <system-out/>
</testsuite> <!-- webAutoQueueNegative.QMarathiCreatePatient -->
