<?xml version="1.0" encoding="UTF-8"?>
<!-- Generated by org.testng.reporters.JUnitReportReporter -->
<testsuite hostname="DESKTOP-VQLLA2K" failures="0" tests="9" name="pivotalApplication.ScrollPractice" time="0.223" errors="1" timestamp="2023-06-09T16:13:57 IST" skipped="8">
  <testcase classname="pivotalApplication.ScrollPractice" name="setup" time="0.215">
    <error message="java.net.URISyntaxException: Illegal character in authority at index 7: http:// 0.0.0.0:9191/" type="java.lang.RuntimeException">
      <![CDATA[java.lang.RuntimeException: java.net.URISyntaxException: Illegal character in authority at index 7: http:// 0.0.0.0:9191/
at io.appium.java_client.AppiumClientConfig.baseUrl(AppiumClientConfig.java:120)
at io.appium.java_client.remote.AppiumCommandExecutor.<init>(AppiumCommandExecutor.java:109)
at io.appium.java_client.AppiumDriver.<init>(AppiumDriver.java:92)
at pivotalApplication.ScrollPractice.setup(ScrollPractice.java:45)
at java.base/jdk.internal.reflect.DirectMethodHandleAccessor.invoke(DirectMethodHandleAccessor.java:104)
at java.base/java.lang.reflect.Method.invoke(Method.java:578)
at org.testng.internal.invokers.MethodInvocationHelper.invokeMethod(MethodInvocationHelper.java:139)
at org.testng.internal.invokers.MethodInvocationHelper.invokeMethodConsideringTimeout(MethodInvocationHelper.java:69)
at org.testng.internal.invokers.ConfigInvoker.invokeConfigurationMethod(ConfigInvoker.java:361)
at org.testng.internal.invokers.ConfigInvoker.invokeConfigurations(ConfigInvoker.java:296)
at org.testng.internal.invokers.TestMethodWorker.invokeBeforeClassMethods(TestMethodWorker.java:180)
at org.testng.internal.invokers.TestMethodWorker.run(TestMethodWorker.java:122)
at java.base/java.util.ArrayList.forEach(ArrayList.java:1511)
at org.testng.TestRunner.privateRun(TestRunner.java:829)
at org.testng.TestRunner.run(TestRunner.java:602)
at org.testng.SuiteRunner.runTest(SuiteRunner.java:437)
at org.testng.SuiteRunner.runSequentially(SuiteRunner.java:431)
at org.testng.SuiteRunner.privateRun(SuiteRunner.java:391)
at org.testng.SuiteRunner.run(SuiteRunner.java:330)
at org.testng.SuiteRunnerWorker.runSuite(SuiteRunnerWorker.java:52)
at org.testng.SuiteRunnerWorker.run(SuiteRunnerWorker.java:95)
at org.testng.TestNG.runSuitesSequentially(TestNG.java:1256)
at org.testng.TestNG.runSuitesLocally(TestNG.java:1176)
at org.testng.TestNG.runSuites(TestNG.java:1099)
at org.testng.TestNG.run(TestNG.java:1067)
at org.testng.remote.AbstractRemoteTestNG.run(AbstractRemoteTestNG.java:115)
at org.testng.remote.RemoteTestNG.initAndRun(RemoteTestNG.java:251)
at org.testng.remote.RemoteTestNG.main(RemoteTestNG.java:77)
Caused by: java.net.URISyntaxException: Illegal character in authority at index 7: http:// 0.0.0.0:9191/
at java.base/java.net.URI$Parser.fail(URI.java:2970)
at java.base/java.net.URI$Parser.parseAuthority(URI.java:3304)
at java.base/java.net.URI$Parser.parseHierarchical(URI.java:3215)
at java.base/java.net.URI$Parser.parse(URI.java:3171)
at java.base/java.net.URI.<init>(URI.java:620)
at java.base/java.net.URL.toURI(URL.java:1057)
at io.appium.java_client.AppiumClientConfig.baseUrl(AppiumClientConfig.java:118)
... 27 more
]]>
    </error>
  </testcase> <!-- setup -->
  <system-out/>
  <testcase classname="pivotalApplication.ScrollPractice" name="NumberField" time="0.000">
    <skipped/>
  </testcase> <!-- NumberField -->
  <system-out/>
  <testcase classname="pivotalApplication.ScrollPractice" name="IAgree" time="0.000">
    <skipped/>
  </testcase> <!-- IAgree -->
  <system-out/>
  <testcase classname="pivotalApplication.ScrollPractice" name="proceedButton" time="0.005">
    <skipped/>
  </testcase> <!-- proceedButton -->
  <system-out/>
  <testcase classname="pivotalApplication.ScrollPractice" name="OTP" time="0.001">
    <skipped/>
  </testcase> <!-- OTP -->
  <system-out/>
  <testcase classname="pivotalApplication.ScrollPractice" name="submit" time="0.000">
    <skipped/>
  </testcase> <!-- submit -->
  <system-out/>
  <testcase classname="pivotalApplication.ScrollPractice" name="Search" time="0.002">
    <skipped/>
  </testcase> <!-- Search -->
  <system-out/>
  <testcase classname="pivotalApplication.ScrollPractice" name="ClickPatient" time="0.000">
    <skipped/>
  </testcase> <!-- ClickPatient -->
  <system-out/>
  <testcase classname="pivotalApplication.ScrollPractice" name="Receipt" time="0.000">
    <skipped/>
  </testcase> <!-- Receipt -->
  <system-out/>
</testsuite> <!-- pivotalApplication.ScrollPractice -->
