<?xml version="1.0" encoding="UTF-8"?>
<!-- Generated by org.testng.reporters.JUnitReportReporter -->
<testsuite hostname="DESKTOP-VQLLA2K" failures="0" tests="82" name="healthApp.HealthEndToEndScript" time="689.749" errors="1" timestamp="2023-12-08T11:25:28 IST" skipped="0">
  <testcase classname="healthApp.HealthEndToEndScript" name="NumberField" time="17.989"/>
  <testcase classname="healthApp.HealthEndToEndScript" name="IAgree" time="2.334"/>
  <testcase classname="healthApp.HealthEndToEndScript" name="proceedButton" time="5.651"/>
  <testcase classname="healthApp.HealthEndToEndScript" name="OTP" time="22.119"/>
  <testcase classname="healthApp.HealthEndToEndScript" name="Verify" time="16.028"/>
  <testcase classname="healthApp.HealthEndToEndScript" name="Family" time="6.096"/>
  <testcase classname="healthApp.HealthEndToEndScript" name="AddFamilyMember" time="6.435"/>
  <testcase classname="healthApp.HealthEndToEndScript" name="FirstName" time="5.639"/>
  <testcase classname="healthApp.HealthEndToEndScript" name="MiddleName" time="5.977"/>
  <testcase classname="healthApp.HealthEndToEndScript" name="Birthdate" time="11.161"/>
  <testcase classname="healthApp.HealthEndToEndScript" name="Male" time="5.377"/>
  <testcase classname="healthApp.HealthEndToEndScript" name="SaveAndNext" time="10.911"/>
  <testcase classname="healthApp.HealthEndToEndScript" name="SelectClick" time="6.161"/>
  <testcase classname="healthApp.HealthEndToEndScript" name="SelectOther" time="6.771"/>
  <testcase classname="healthApp.HealthEndToEndScript" name="Next" time="6.134"/>
  <testcase classname="healthApp.HealthEndToEndScript" name="LinkDr" time="3.007"/>
  <testcase classname="healthApp.HealthEndToEndScript" name="AddtionalInformation" time="2.250"/>
  <testcase classname="healthApp.HealthEndToEndScript" name="MedicalConditionAdd" time="4.688"/>
  <testcase classname="healthApp.HealthEndToEndScript" name="MedicalConditionSelect" time="5.023"/>
  <testcase classname="healthApp.HealthEndToEndScript" name="AddMedicalCondition" time="2.410"/>
  <testcase classname="healthApp.HealthEndToEndScript" name="Allergies" time="2.698"/>
  <testcase classname="healthApp.HealthEndToEndScript" name="Reactions" time="2.424"/>
  <testcase classname="healthApp.HealthEndToEndScript" name="RecurringComplaints" time="3.556"/>
  <testcase classname="healthApp.HealthEndToEndScript" name="HospitalizationHistory" time="3.015"/>
  <testcase classname="healthApp.HealthEndToEndScript" name="HealthHistory" time="3.012"/>
  <testcase classname="healthApp.HealthEndToEndScript" name="GeneticdisoredrAdd" time="2.278"/>
  <testcase classname="healthApp.HealthEndToEndScript" name="GeneticdisoredrSelect" time="13.985"/>
  <testcase classname="healthApp.HealthEndToEndScript" name="AddGeneticdisoredr" time="2.992"/>
  <testcase classname="healthApp.HealthEndToEndScript" name="helathNext" time="2.329"/>
  <testcase classname="healthApp.HealthEndToEndScript" name="FamailyNedicalHistory" time="10.128"/>
  <testcase classname="healthApp.HealthEndToEndScript" name="EnterDisorders" time="10.955"/>
  <testcase classname="healthApp.HealthEndToEndScript" name="FathersName" time="3.945"/>
  <testcase classname="healthApp.HealthEndToEndScript" name="MothersName" time="17.109"/>
  <testcase classname="healthApp.HealthEndToEndScript" name="BookAppointment" time="7.190"/>
  <testcase classname="healthApp.HealthEndToEndScript" name="SelectFamilyMember" time="2.764"/>
  <testcase classname="healthApp.HealthEndToEndScript" name="SelectDoctor" time="5.365"/>
  <testcase classname="healthApp.HealthEndToEndScript" name="Doctor" time="5.694"/>
  <testcase classname="healthApp.HealthEndToEndScript" name="DateClick" time="5.333"/>
  <testcase classname="healthApp.HealthEndToEndScript" name="Time" time="5.773"/>
  <testcase classname="healthApp.HealthEndToEndScript" name="PurposeVisit" time="13.745">
    <error message="Index 0 out of bounds for length 0" type="java.lang.IndexOutOfBoundsException">
      <![CDATA[java.lang.IndexOutOfBoundsException: Index 0 out of bounds for length 0
at java.base/jdk.internal.util.Preconditions.outOfBounds(Preconditions.java:64)
at java.base/jdk.internal.util.Preconditions.outOfBoundsCheckIndex(Preconditions.java:70)
at java.base/jdk.internal.util.Preconditions.checkIndex(Preconditions.java:266)
at java.base/java.util.Objects.checkIndex(Objects.java:359)
at java.base/java.util.ArrayList.get(ArrayList.java:427)
at healthApp.HealthEndToEndScript.PurposeVisit(HealthEndToEndScript.java:603)
at java.base/jdk.internal.reflect.NativeMethodAccessorImpl.invoke0(Native Method)
at java.base/jdk.internal.reflect.NativeMethodAccessorImpl.invoke(NativeMethodAccessorImpl.java:77)
at java.base/jdk.internal.reflect.DelegatingMethodAccessorImpl.invoke(DelegatingMethodAccessorImpl.java:43)
at java.base/java.lang.reflect.Method.invoke(Method.java:568)
at org.testng.internal.invokers.MethodInvocationHelper.invokeMethod(MethodInvocationHelper.java:139)
at org.testng.internal.invokers.TestInvoker.invokeMethod(TestInvoker.java:664)
at org.testng.internal.invokers.TestInvoker.invokeTestMethod(TestInvoker.java:227)
at org.testng.internal.invokers.MethodRunner.runInSequence(MethodRunner.java:50)
at org.testng.internal.invokers.TestInvoker$MethodInvocationAgent.invoke(TestInvoker.java:957)
at org.testng.internal.invokers.TestInvoker.invokeTestMethods(TestInvoker.java:200)
at org.testng.internal.invokers.TestMethodWorker.invokeTestMethods(TestMethodWorker.java:148)
at org.testng.internal.invokers.TestMethodWorker.run(TestMethodWorker.java:128)
at java.base/java.util.ArrayList.forEach(ArrayList.java:1511)
at org.testng.TestRunner.privateRun(TestRunner.java:848)
at org.testng.TestRunner.run(TestRunner.java:621)
at org.testng.SuiteRunner.runTest(SuiteRunner.java:443)
at org.testng.SuiteRunner.runSequentially(SuiteRunner.java:437)
at org.testng.SuiteRunner.privateRun(SuiteRunner.java:397)
at org.testng.SuiteRunner.run(SuiteRunner.java:336)
at org.testng.SuiteRunnerWorker.runSuite(SuiteRunnerWorker.java:52)
at org.testng.SuiteRunnerWorker.run(SuiteRunnerWorker.java:95)
at org.testng.TestNG.runSuitesSequentially(TestNG.java:1280)
at org.testng.TestNG.runSuitesLocally(TestNG.java:1200)
at org.testng.TestNG.runSuites(TestNG.java:1114)
at org.testng.TestNG.run(TestNG.java:1082)
at org.testng.remote.AbstractRemoteTestNG.run(AbstractRemoteTestNG.java:115)
at org.testng.remote.RemoteTestNG.initAndRun(RemoteTestNG.java:251)
at org.testng.remote.RemoteTestNG.main(RemoteTestNG.java:77)
]]>
    </error>
  </testcase> <!-- PurposeVisit -->
  <testcase classname="healthApp.HealthEndToEndScript" name="CreateAppointment" time="5.982"/>
  <testcase classname="healthApp.HealthEndToEndScript" name="Done" time="7.804"/>
  <testcase classname="healthApp.HealthEndToEndScript" name="SelectFamilyMember2" time="11.139"/>
  <testcase classname="healthApp.HealthEndToEndScript" name="AddButton1" time="6.371"/>
  <testcase classname="healthApp.HealthEndToEndScript" name="GrowthRecord1" time="5.707"/>
  <testcase classname="healthApp.HealthEndToEndScript" name="Vital" time="14.364"/>
  <testcase classname="healthApp.HealthEndToEndScript" name="UploadDoc" time="16.898"/>
  <testcase classname="healthApp.HealthEndToEndScript" name="DocumentsDropDown" time="5.250"/>
  <testcase classname="healthApp.HealthEndToEndScript" name="DischargeSummary" time="2.255"/>
  <testcase classname="healthApp.HealthEndToEndScript" name="CreatedBy" time="3.576"/>
  <testcase classname="healthApp.HealthEndToEndScript" name="DocumentOn" time="2.235"/>
  <testcase classname="healthApp.HealthEndToEndScript" name="popUpOk" time="3.796"/>
  <testcase classname="healthApp.HealthEndToEndScript" name="Camera" time="19.493"/>
  <testcase classname="healthApp.HealthEndToEndScript" name="UploadCam" time="7.259"/>
  <testcase classname="healthApp.HealthEndToEndScript" name="UploadCamOk" time="10.775"/>
  <testcase classname="healthApp.HealthEndToEndScript" name="UploadDocuments1" time="5.019"/>
  <testcase classname="healthApp.HealthEndToEndScript" name="DocumentsDropDown1" time="5.201"/>
  <testcase classname="healthApp.HealthEndToEndScript" name="DischargeSummary1" time="2.267"/>
  <testcase classname="healthApp.HealthEndToEndScript" name="CreatedBy1" time="2.744"/>
  <testcase classname="healthApp.HealthEndToEndScript" name="DocumentOn1" time="2.229"/>
  <testcase classname="healthApp.HealthEndToEndScript" name="popUpOk1" time="2.672"/>
  <testcase classname="healthApp.HealthEndToEndScript" name="Gallery" time="3.006"/>
  <testcase classname="healthApp.HealthEndToEndScript" name="photo" time="10.466"/>
  <testcase classname="healthApp.HealthEndToEndScript" name="Upload" time="2.643"/>
  <testcase classname="healthApp.HealthEndToEndScript" name="UploadOk" time="12.341"/>
  <testcase classname="healthApp.HealthEndToEndScript" name="AddButton4" time="10.826"/>
  <testcase classname="healthApp.HealthEndToEndScript" name="BookLabTest11" time="6.030"/>
  <testcase classname="healthApp.HealthEndToEndScript" name="SelectLab" time="5.271"/>
  <testcase classname="healthApp.HealthEndToEndScript" name="ClickLab" time="5.790"/>
  <testcase classname="healthApp.HealthEndToEndScript" name="Comments" time="7.191"/>
  <testcase classname="healthApp.HealthEndToEndScript" name="VaccineLabel" time="18.286"/>
  <testcase classname="healthApp.HealthEndToEndScript" name="BookLabTest1" time="5.869"/>
  <testcase classname="healthApp.HealthEndToEndScript" name="Done2" time="5.226"/>
  <testcase classname="healthApp.HealthEndToEndScript" name="SelectFamilyMember3" time="10.944"/>
  <testcase classname="healthApp.HealthEndToEndScript" name="Immunization" time="5.989"/>
  <testcase classname="healthApp.HealthEndToEndScript" name="Birth" time="33.663"/>
  <testcase classname="healthApp.HealthEndToEndScript" name="PopUpOk" time="17.085"/>
  <testcase classname="healthApp.HealthEndToEndScript" name="AddButton2" time="23.886"/>
  <testcase classname="healthApp.HealthEndToEndScript" name="AllVisits" time="6.129"/>
  <testcase classname="healthApp.HealthEndToEndScript" name="AddVitalsClick" time="5.365"/>
  <testcase classname="healthApp.HealthEndToEndScript" name="AddVitals" time="44.380"/>
  <testcase classname="healthApp.HealthEndToEndScript" name="LipidProfile" time="29.876"/>
</testsuite> <!-- healthApp.HealthEndToEndScript -->
